#
# A fatal error has been detected by the Java Runtime Environment:
#
#  EXCEPTION_ACCESS_VIOLATION (0xc0000005) at pc=0x00007ffb51533949, pid=10464, tid=8468
#
# JRE version: Java(TM) SE Runtime Environment 18.9 (11.0.7+8) (build 11.0.7+8-LTS)
# Java VM: Java HotSpot(TM) 64-Bit Server VM 18.9 (11.0.7+8-LTS, mixed mode, tiered, compressed oops, g1 gc, windows-amd64)
# Problematic frame:
# V  [jvm.dll+0x6f3949]
#
# No core dump will be written. Minidumps are not enabled by default on client versions of Windows
#
# If you would like to submit a bug report, please visit:
#   https://bugreport.java.com/bugreport/crash.jsp
#

---------------  S U M M A R Y ------------

Command Line: -Dcom.sun.management.jmxremote -Dcom.sun.management.jmxremote.port=50874 -Dcom.sun.management.jmxremote.authenticate=false -Dcom.sun.management.jmxremote.ssl=false -Djava.rmi.server.hostname=localhost -Dspring.jmx.enabled=true -Dspring.application.admin.enabled=true -XX:TieredStopAtLevel=1 -Dspring.boot.project.name=componentes -Dfile.encoding=UTF-8 br.com.o.q.leidson.componentes.ComponentesApplication --spring.output.ansi.enabled=always

Host: Intel(R) Core(TM) i3-3217U CPU @ 1.80GHz, 4 cores, 9G,  Windows 10 , 64 bit Build 19041 (10.0.19041.546)
Time: Sun Nov 29 18:04:34 2020 Hora oficial do Brasil elapsed time: 2 seconds (0d 0h 0m 2s)

---------------  T H R E A D  ---------------

Current thread (0x0000019ee84be800):  WatcherThread [stack: 0x00000026eb300000,0x00000026eb400000] [id=8468]

Stack: [0x00000026eb300000,0x00000026eb400000],  sp=0x00000026eb3ff390,  free space=1020k
Native frames: (J=compiled Java code, j=interpreted, Vv=VM code, C=native code)
V  [jvm.dll+0x6f3949]
V  [jvm.dll+0x73fc7d]
V  [jvm.dll+0x765fe9]
V  [jvm.dll+0x75e875]
V  [jvm.dll+0x660b26]
C  [ucrtbase.dll+0x214c2]
C  [KERNEL32.DLL+0x17034]
C  [ntdll.dll+0x4cec1]


siginfo: EXCEPTION_ACCESS_VIOLATION (0xc0000005), reading address 0x0000000400000003


Register to memory mapping:

RIP=0x00007ffb51533949 jvm.dll
RAX=0x0000019ee84a15c0 points into unknown readable memory: 03 00 00 00 04 00 00 00
RBX=0x0 is NULL
RCX=0x0000000400000003 is an unknown value
RDX=0x0000000000000037 is an unknown value
RSP=0x00000026eb3ff390 points into unknown readable memory: 00 e8 4b e8 9e 01 00 00
RBP=0x0000000000000002 is an unknown value
RSI=0x0000019ee84a1780 points into unknown readable memory: d0 81 45 e8 9e 01 00 00
RDI=0x0 is NULL
R8 =0x0 is NULL
R9 =0x0000019ecf780b80 is at begin+0 in a stub
StubRoutines::atomic_cmpxchg_long [0x0000019ecf780b80, 0x0000019ecf780b89[ (9 bytes)
R10=0x00000000546c6148 is an unknown value
R11=0xfffffffffae9d7f8 is an unknown value
R12=0x0 is NULL
R13=0x0000019ee84be800 points into unknown readable memory: 18 92 74 51 fb 7f 00 00
R14=0x0000000000000037 is an unknown value
R15=0x0000019ee828e4f0 points into unknown readable memory: 00 00 00 00 00 00 00 00


Registers:
RAX=0x0000019ee84a15c0, RBX=0x0000000000000000, RCX=0x0000000400000003, RDX=0x0000000000000037
RSP=0x00000026eb3ff390, RBP=0x0000000000000002, RSI=0x0000019ee84a1780, RDI=0x0000000000000000
R8 =0x0000000000000000, R9 =0x0000019ecf780b80, R10=0x00000000546c6148, R11=0xfffffffffae9d7f8
R12=0x0000000000000000, R13=0x0000019ee84be800, R14=0x0000000000000037, R15=0x0000019ee828e4f0
RIP=0x00007ffb51533949, EFLAGS=0x0000000000010202

Top of Stack: (sp=0x00000026eb3ff390)
0x00000026eb3ff390:   0000019ee84be800 0000019ee84be800
0x00000026eb3ff3a0:   000004e01466f870 00007ffb514742d9
0x00000026eb3ff3b0:   00007ffb518eabc8 00007ffb5157fc7d
0x00000026eb3ff3c0:   0000000000000001 0000019ec7379320
0x00000026eb3ff3d0:   0000019ec7379320 431bde82d7b634db
0x00000026eb3ff3e0:   0000019ee828e4f0 000004e01466f870
0x00000026eb3ff3f0:   0000019ec7379320 00007ffb515a5fe9
0x00000026eb3ff400:   0000000000000001 0000000000000037
0x00000026eb3ff410:   0000000000000032 0000000000000002
0x00000026eb3ff420:   0000000000000000 0000000000000000
0x00000026eb3ff430:   0000000000000000 00007ffb9573cea0
0x00000026eb3ff440:   000000000000027f 0000000000000000
0x00000026eb3ff450:   0000000000000000 0000ffff00001f80
0x00000026eb3ff460:   0000019ee84be800 0000000000000000
0x00000026eb3ff470:   0000000000100000 00000026eb3ff740
0x00000026eb3ff480:   00000026eb300000 00007ffb5159e875 

Instructions: (pc=0x00007ffb51533949)
0x00007ffb51533929:   20 48 8b 35 67 23 3b 00 33 db 48 8b 06 39 18 7e
0x00007ffb51533939:   27 48 89 7c 24 30 8b fb 48 8b 40 18 48 8b 0c 07
0x00007ffb51533949:   48 8b 01 ff 50 08 48 8b 06 48 8d 7f 08 ff c3 3b
0x00007ffb51533959:   18 7c e5 48 8b 7c 24 30 48 8b 5c 24 38 48 83 c4 


Stack slot to memory mapping:
stack at sp + 0 slots: 0x0000019ee84be800 points into unknown readable memory: 18 92 74 51 fb 7f 00 00
stack at sp + 1 slots: 0x0000019ee84be800 points into unknown readable memory: 18 92 74 51 fb 7f 00 00
stack at sp + 2 slots: 0x000004e01466f870 is an unknown value
stack at sp + 3 slots: 0x00007ffb514742d9 jvm.dll
stack at sp + 4 slots: 0x00007ffb518eabc8 jvm.dll
stack at sp + 5 slots: 0x00007ffb5157fc7d jvm.dll
stack at sp + 6 slots: 0x0000000000000001 is an unknown value
stack at sp + 7 slots: 0x0000019ec7379320 points into unknown readable memory: 01 00 00 00 00 00 00 00


---------------  P R O C E S S  ---------------

Threads class SMR info:
_java_thread_list=0x0000019ee845b170, length=15, elements={
0x0000019ec737c000, 0x0000019ee69ed800, 0x0000019ee69f6800, 0x0000019ee7357800,
0x0000019ee7359800, 0x0000019ee7364800, 0x0000019ee736b000, 0x0000019ee6983800,
0x0000019ee75bf800, 0x0000019ee8402000, 0x0000019ee8432000, 0x0000019ee84b0000,
0x0000019ee84b3000, 0x0000019ee84bc000, 0x0000019ee84c8800
}

Java Threads: ( => current thread )
  0x0000019ec737c000 JavaThread "main" [_thread_blocked, id=5964, stack(0x00000026e9e00000,0x00000026e9f00000)]
  0x0000019ee69ed800 JavaThread "Reference Handler" daemon [_thread_blocked, id=2096, stack(0x00000026ea500000,0x00000026ea600000)]
  0x0000019ee69f6800 JavaThread "Finalizer" daemon [_thread_blocked, id=6100, stack(0x00000026ea600000,0x00000026ea700000)]
  0x0000019ee7357800 JavaThread "Signal Dispatcher" daemon [_thread_blocked, id=9100, stack(0x00000026ea700000,0x00000026ea800000)]
  0x0000019ee7359800 JavaThread "Attach Listener" daemon [_thread_blocked, id=2000, stack(0x00000026ea800000,0x00000026ea900000)]
  0x0000019ee7364800 JavaThread "C1 CompilerThread0" daemon [_thread_in_vm, id=10276, stack(0x00000026ea900000,0x00000026eaa00000)]
  0x0000019ee736b000 JavaThread "Sweeper thread" daemon [_thread_blocked, id=6432, stack(0x00000026eaa00000,0x00000026eab00000)]
  0x0000019ee6983800 JavaThread "Common-Cleaner" daemon [_thread_blocked, id=3316, stack(0x00000026eab00000,0x00000026eac00000)]
  0x0000019ee75bf800 JavaThread "Service Thread" daemon [_thread_blocked, id=10416, stack(0x00000026eac00000,0x00000026ead00000)]
  0x0000019ee8402000 JavaThread "RMI TCP Accept-0" daemon [_thread_in_native, id=10136, stack(0x00000026eaf00000,0x00000026eb000000)]
  0x0000019ee8432000 JavaThread "RMI TCP Accept-50874" daemon [_thread_in_native, id=5100, stack(0x00000026eb000000,0x00000026eb100000)]
  0x0000019ee84b0000 JavaThread "RMI TCP Connection(1)-127.0.0.1" daemon [_thread_in_native, id=6652, stack(0x00000026eb100000,0x00000026eb200000)]
  0x0000019ee84b3000 JavaThread "RMI TCP Accept-0" daemon [_thread_in_native, id=10876, stack(0x00000026eb200000,0x00000026eb300000)]
  0x0000019ee84bc000 JavaThread "RMI Scheduler(0)" daemon [_thread_blocked, id=10528, stack(0x00000026eb400000,0x00000026eb500000)]
  0x0000019ee84c8800 JavaThread "RMI TCP Connection(idle)" daemon [_thread_blocked, id=3624, stack(0x00000026eb500000,0x00000026eb600000)]

Other Threads:
  0x0000019ee69c9000 VMThread "VM Thread" [stack: 0x00000026ea400000,0x00000026ea500000] [id=8780]
=>0x0000019ee84be800 WatcherThread [stack: 0x00000026eb300000,0x00000026eb400000] [id=8468]
  0x0000019ec7392800 GCTaskThread "GC Thread#0" [stack: 0x00000026e9f00000,0x00000026ea000000] [id=10656]
  0x0000019ee770d000 GCTaskThread "GC Thread#1" [stack: 0x00000026ead00000,0x00000026eae00000] [id=8888]
  0x0000019ee770d800 GCTaskThread "GC Thread#2" [stack: 0x00000026eae00000,0x00000026eaf00000] [id=9184]
  0x0000019ec73ce800 ConcurrentGCThread "G1 Main Marker" [stack: 0x00000026ea000000,0x00000026ea100000] [id=7228]
  0x0000019ec73d0800 ConcurrentGCThread "G1 Conc#0" [stack: 0x00000026ea100000,0x00000026ea200000] [id=2216]
  0x0000019ec744e000 ConcurrentGCThread "G1 Refine#0" [stack: 0x00000026ea200000,0x00000026ea300000] [id=1312]
  0x0000019ee6832800 ConcurrentGCThread "G1 Young RemSet Sampling" [stack: 0x00000026ea300000,0x00000026ea400000] [id=10600]

Threads with active compile tasks:
C1 CompilerThread01060       1       java.lang.PublicMethods$Key::matches (31 bytes)

VM state:synchronizing (normal execution)

VM Mutex/Monitor currently owned by a thread:  ([mutex/lock_event])
[0x0000019ec7376a10] Threads_lock - owner thread: 0x0000019ee69c9000
[0x0000019ec7379320] PeriodicTask_lock - owner thread: 0x0000019ee84be800

Heap address: 0x0000000763200000, size: 2510 MB, Compressed Oops mode: Zero based, Oop shift amount: 3
Narrow klass base: 0x0000000800000000, Narrow klass shift: 0
Compressed class space size: 1073741824 Address: 0x0000000800000000

Heap:
 garbage-first heap   total 161792K, used 24445K [0x0000000763200000, 0x0000000800000000)
  region size 1024K, 8 young (8192K), 2 survivors (2048K)
 Metaspace       used 12302K, capacity 12652K, committed 12800K, reserved 1060864K
  class space    used 1317K, capacity 1457K, committed 1536K, reserved 1048576K
Heap Regions: E=young(eden), S=young(survivor), O=old, HS=humongous(starts), HC=humongous(continues), CS=collection set, F=free, A=archive, TAMS=top-at-mark-start (previous, next)
|   0|0x0000000763200000, 0x0000000763300000, 0x0000000763300000|100%|HS|  |TAMS 0x0000000763200000, 0x0000000763200000| Complete 
|   1|0x0000000763300000, 0x0000000763400000, 0x0000000763400000|100%| O|  |TAMS 0x0000000763300000, 0x0000000763300000| Untracked 
|   2|0x0000000763400000, 0x0000000763500000, 0x0000000763500000|100%| O|  |TAMS 0x0000000763400000, 0x0000000763400000| Untracked 
|   3|0x0000000763500000, 0x0000000763600000, 0x0000000763600000|100%| O|  |TAMS 0x0000000763500000, 0x0000000763500000| Untracked 
|   4|0x0000000763600000, 0x0000000763700000, 0x0000000763700000|100%| O|  |TAMS 0x0000000763600000, 0x0000000763600000| Untracked 
|   5|0x0000000763700000, 0x0000000763800000, 0x0000000763800000|100%| O|  |TAMS 0x0000000763700000, 0x0000000763700000| Untracked 
|   6|0x0000000763800000, 0x0000000763900000, 0x0000000763900000|100%| O|  |TAMS 0x0000000763800000, 0x0000000763800000| Untracked 
|   7|0x0000000763900000, 0x0000000763a00000, 0x0000000763a00000|100%| O|  |TAMS 0x0000000763900000, 0x0000000763900000| Untracked 
|   8|0x0000000763a00000, 0x0000000763b00000, 0x0000000763b00000|100%| O|  |TAMS 0x0000000763a00000, 0x0000000763a00000| Untracked 
|   9|0x0000000763b00000, 0x0000000763c00000, 0x0000000763c00000|100%| O|  |TAMS 0x0000000763b00000, 0x0000000763b00000| Untracked 
|  10|0x0000000763c00000, 0x0000000763d00000, 0x0000000763d00000|100%| O|  |TAMS 0x0000000763c00000, 0x0000000763c00000| Untracked 
|  11|0x0000000763d00000, 0x0000000763e00000, 0x0000000763e00000|100%| O|  |TAMS 0x0000000763d00000, 0x0000000763d00000| Untracked 
|  12|0x0000000763e00000, 0x0000000763f00000, 0x0000000763f00000|100%| O|  |TAMS 0x0000000763e00000, 0x0000000763e00000| Untracked 
|  13|0x0000000763f00000, 0x0000000764000000, 0x0000000764000000|100%| O|  |TAMS 0x0000000763f00000, 0x0000000763f00000| Untracked 
|  14|0x0000000764000000, 0x0000000764100000, 0x0000000764100000|100%| O|  |TAMS 0x0000000764000000, 0x0000000764000000| Untracked 
|  15|0x0000000764100000, 0x0000000764200000, 0x0000000764200000|100%| O|  |TAMS 0x0000000764100000, 0x0000000764100000| Untracked 
|  16|0x0000000764200000, 0x00000007642df400, 0x0000000764300000| 87%| O|  |TAMS 0x0000000764200000, 0x0000000764200000| Untracked 
|  17|0x0000000764300000, 0x0000000764300000, 0x0000000764400000|  0%| F|  |TAMS 0x0000000764300000, 0x0000000764300000| Untracked 
|  18|0x0000000764400000, 0x0000000764400000, 0x0000000764500000|  0%| F|  |TAMS 0x0000000764400000, 0x0000000764400000| Untracked 
|  19|0x0000000764500000, 0x0000000764500000, 0x0000000764600000|  0%| F|  |TAMS 0x0000000764500000, 0x0000000764500000| Untracked 
|  20|0x0000000764600000, 0x0000000764600000, 0x0000000764700000|  0%| F|  |TAMS 0x0000000764600000, 0x0000000764600000| Untracked 
|  21|0x0000000764700000, 0x0000000764700000, 0x0000000764800000|  0%| F|  |TAMS 0x0000000764700000, 0x0000000764700000| Untracked 
|  22|0x0000000764800000, 0x0000000764800000, 0x0000000764900000|  0%| F|  |TAMS 0x0000000764800000, 0x0000000764800000| Untracked 
|  23|0x0000000764900000, 0x0000000764900000, 0x0000000764a00000|  0%| F|  |TAMS 0x0000000764900000, 0x0000000764900000| Untracked 
|  24|0x0000000764a00000, 0x0000000764a00000, 0x0000000764b00000|  0%| F|  |TAMS 0x0000000764a00000, 0x0000000764a00000| Untracked 
|  25|0x0000000764b00000, 0x0000000764b00000, 0x0000000764c00000|  0%| F|  |TAMS 0x0000000764b00000, 0x0000000764b00000| Untracked 
|  26|0x0000000764c00000, 0x0000000764c00000, 0x0000000764d00000|  0%| F|  |TAMS 0x0000000764c00000, 0x0000000764c00000| Untracked 
|  27|0x0000000764d00000, 0x0000000764d00000, 0x0000000764e00000|  0%| F|  |TAMS 0x0000000764d00000, 0x0000000764d00000| Untracked 
|  28|0x0000000764e00000, 0x0000000764e00000, 0x0000000764f00000|  0%| F|  |TAMS 0x0000000764e00000, 0x0000000764e00000| Untracked 
|  29|0x0000000764f00000, 0x0000000764f00000, 0x0000000765000000|  0%| F|  |TAMS 0x0000000764f00000, 0x0000000764f00000| Untracked 
|  30|0x0000000765000000, 0x0000000765000000, 0x0000000765100000|  0%| F|  |TAMS 0x0000000765000000, 0x0000000765000000| Untracked 
|  31|0x0000000765100000, 0x0000000765100000, 0x0000000765200000|  0%| F|  |TAMS 0x0000000765100000, 0x0000000765100000| Untracked 
|  32|0x0000000765200000, 0x0000000765200000, 0x0000000765300000|  0%| F|  |TAMS 0x0000000765200000, 0x0000000765200000| Untracked 
|  33|0x0000000765300000, 0x0000000765300000, 0x0000000765400000|  0%| F|  |TAMS 0x0000000765300000, 0x0000000765300000| Untracked 
|  34|0x0000000765400000, 0x0000000765400000, 0x0000000765500000|  0%| F|  |TAMS 0x0000000765400000, 0x0000000765400000| Untracked 
|  35|0x0000000765500000, 0x0000000765500000, 0x0000000765600000|  0%| F|  |TAMS 0x0000000765500000, 0x0000000765500000| Untracked 
|  36|0x0000000765600000, 0x0000000765600000, 0x0000000765700000|  0%| F|  |TAMS 0x0000000765600000, 0x0000000765600000| Untracked 
|  37|0x0000000765700000, 0x0000000765700000, 0x0000000765800000|  0%| F|  |TAMS 0x0000000765700000, 0x0000000765700000| Untracked 
|  38|0x0000000765800000, 0x0000000765800000, 0x0000000765900000|  0%| F|  |TAMS 0x0000000765800000, 0x0000000765800000| Untracked 
|  39|0x0000000765900000, 0x0000000765900000, 0x0000000765a00000|  0%| F|  |TAMS 0x0000000765900000, 0x0000000765900000| Untracked 
|  40|0x0000000765a00000, 0x0000000765a00000, 0x0000000765b00000|  0%| F|  |TAMS 0x0000000765a00000, 0x0000000765a00000| Untracked 
|  41|0x0000000765b00000, 0x0000000765b00000, 0x0000000765c00000|  0%| F|  |TAMS 0x0000000765b00000, 0x0000000765b00000| Untracked 
|  42|0x0000000765c00000, 0x0000000765c00000, 0x0000000765d00000|  0%| F|  |TAMS 0x0000000765c00000, 0x0000000765c00000| Untracked 
|  43|0x0000000765d00000, 0x0000000765d00000, 0x0000000765e00000|  0%| F|  |TAMS 0x0000000765d00000, 0x0000000765d00000| Untracked 
|  44|0x0000000765e00000, 0x0000000765e00000, 0x0000000765f00000|  0%| F|  |TAMS 0x0000000765e00000, 0x0000000765e00000| Untracked 
|  45|0x0000000765f00000, 0x0000000765f00000, 0x0000000766000000|  0%| F|  |TAMS 0x0000000765f00000, 0x0000000765f00000| Untracked 
|  46|0x0000000766000000, 0x0000000766000000, 0x0000000766100000|  0%| F|  |TAMS 0x0000000766000000, 0x0000000766000000| Untracked 
|  47|0x0000000766100000, 0x0000000766100000, 0x0000000766200000|  0%| F|  |TAMS 0x0000000766100000, 0x0000000766100000| Untracked 
|  48|0x0000000766200000, 0x0000000766200000, 0x0000000766300000|  0%| F|  |TAMS 0x0000000766200000, 0x0000000766200000| Untracked 
|  49|0x0000000766300000, 0x0000000766300000, 0x0000000766400000|  0%| F|  |TAMS 0x0000000766300000, 0x0000000766300000| Untracked 
|  50|0x0000000766400000, 0x0000000766400000, 0x0000000766500000|  0%| F|  |TAMS 0x0000000766400000, 0x0000000766400000| Untracked 
|  51|0x0000000766500000, 0x0000000766500000, 0x0000000766600000|  0%| F|  |TAMS 0x0000000766500000, 0x0000000766500000| Untracked 
|  52|0x0000000766600000, 0x0000000766600000, 0x0000000766700000|  0%| F|  |TAMS 0x0000000766600000, 0x0000000766600000| Untracked 
|  53|0x0000000766700000, 0x0000000766700000, 0x0000000766800000|  0%| F|  |TAMS 0x0000000766700000, 0x0000000766700000| Untracked 
|  54|0x0000000766800000, 0x0000000766800000, 0x0000000766900000|  0%| F|  |TAMS 0x0000000766800000, 0x0000000766800000| Untracked 
|  55|0x0000000766900000, 0x0000000766900000, 0x0000000766a00000|  0%| F|  |TAMS 0x0000000766900000, 0x0000000766900000| Untracked 
|  56|0x0000000766a00000, 0x0000000766a00000, 0x0000000766b00000|  0%| F|  |TAMS 0x0000000766a00000, 0x0000000766a00000| Untracked 
|  57|0x0000000766b00000, 0x0000000766b00000, 0x0000000766c00000|  0%| F|  |TAMS 0x0000000766b00000, 0x0000000766b00000| Untracked 
|  58|0x0000000766c00000, 0x0000000766c00000, 0x0000000766d00000|  0%| F|  |TAMS 0x0000000766c00000, 0x0000000766c00000| Untracked 
|  59|0x0000000766d00000, 0x0000000766d00000, 0x0000000766e00000|  0%| F|  |TAMS 0x0000000766d00000, 0x0000000766d00000| Untracked 
|  60|0x0000000766e00000, 0x0000000766e00000, 0x0000000766f00000|  0%| F|  |TAMS 0x0000000766e00000, 0x0000000766e00000| Untracked 
|  61|0x0000000766f00000, 0x0000000766f00000, 0x0000000767000000|  0%| F|  |TAMS 0x0000000766f00000, 0x0000000766f00000| Untracked 
|  62|0x0000000767000000, 0x0000000767000000, 0x0000000767100000|  0%| F|  |TAMS 0x0000000767000000, 0x0000000767000000| Untracked 
|  63|0x0000000767100000, 0x0000000767100000, 0x0000000767200000|  0%| F|  |TAMS 0x0000000767100000, 0x0000000767100000| Untracked 
|  64|0x0000000767200000, 0x0000000767200000, 0x0000000767300000|  0%| F|  |TAMS 0x0000000767200000, 0x0000000767200000| Untracked 
|  65|0x0000000767300000, 0x0000000767300000, 0x0000000767400000|  0%| F|  |TAMS 0x0000000767300000, 0x0000000767300000| Untracked 
|  66|0x0000000767400000, 0x0000000767400000, 0x0000000767500000|  0%| F|  |TAMS 0x0000000767400000, 0x0000000767400000| Untracked 
|  67|0x0000000767500000, 0x0000000767500000, 0x0000000767600000|  0%| F|  |TAMS 0x0000000767500000, 0x0000000767500000| Untracked 
|  68|0x0000000767600000, 0x0000000767600000, 0x0000000767700000|  0%| F|  |TAMS 0x0000000767600000, 0x0000000767600000| Untracked 
|  69|0x0000000767700000, 0x0000000767700000, 0x0000000767800000|  0%| F|  |TAMS 0x0000000767700000, 0x0000000767700000| Untracked 
|  70|0x0000000767800000, 0x0000000767800000, 0x0000000767900000|  0%| F|  |TAMS 0x0000000767800000, 0x0000000767800000| Untracked 
|  71|0x0000000767900000, 0x0000000767900000, 0x0000000767a00000|  0%| F|  |TAMS 0x0000000767900000, 0x0000000767900000| Untracked 
|  72|0x0000000767a00000, 0x0000000767a00000, 0x0000000767b00000|  0%| F|  |TAMS 0x0000000767a00000, 0x0000000767a00000| Untracked 
|  73|0x0000000767b00000, 0x0000000767b00000, 0x0000000767c00000|  0%| F|  |TAMS 0x0000000767b00000, 0x0000000767b00000| Untracked 
|  74|0x0000000767c00000, 0x0000000767c00000, 0x0000000767d00000|  0%| F|  |TAMS 0x0000000767c00000, 0x0000000767c00000| Untracked 
|  75|0x0000000767d00000, 0x0000000767d00000, 0x0000000767e00000|  0%| F|  |TAMS 0x0000000767d00000, 0x0000000767d00000| Untracked 
|  76|0x0000000767e00000, 0x0000000767e00000, 0x0000000767f00000|  0%| F|  |TAMS 0x0000000767e00000, 0x0000000767e00000| Untracked 
|  77|0x0000000767f00000, 0x0000000767f00000, 0x0000000768000000|  0%| F|  |TAMS 0x0000000767f00000, 0x0000000767f00000| Untracked 
|  78|0x0000000768000000, 0x0000000768000000, 0x0000000768100000|  0%| F|  |TAMS 0x0000000768000000, 0x0000000768000000| Untracked 
|  79|0x0000000768100000, 0x0000000768100000, 0x0000000768200000|  0%| F|  |TAMS 0x0000000768100000, 0x0000000768100000| Untracked 
|  80|0x0000000768200000, 0x0000000768200000, 0x0000000768300000|  0%| F|  |TAMS 0x0000000768200000, 0x0000000768200000| Untracked 
|  81|0x0000000768300000, 0x0000000768300000, 0x0000000768400000|  0%| F|  |TAMS 0x0000000768300000, 0x0000000768300000| Untracked 
|  82|0x0000000768400000, 0x0000000768400000, 0x0000000768500000|  0%| F|  |TAMS 0x0000000768400000, 0x0000000768400000| Untracked 
|  83|0x0000000768500000, 0x0000000768500000, 0x0000000768600000|  0%| F|  |TAMS 0x0000000768500000, 0x0000000768500000| Untracked 
|  84|0x0000000768600000, 0x0000000768600000, 0x0000000768700000|  0%| F|  |TAMS 0x0000000768600000, 0x0000000768600000| Untracked 
|  85|0x0000000768700000, 0x0000000768700000, 0x0000000768800000|  0%| F|  |TAMS 0x0000000768700000, 0x0000000768700000| Untracked 
|  86|0x0000000768800000, 0x0000000768800000, 0x0000000768900000|  0%| F|  |TAMS 0x0000000768800000, 0x0000000768800000| Untracked 
|  87|0x0000000768900000, 0x0000000768900000, 0x0000000768a00000|  0%| F|  |TAMS 0x0000000768900000, 0x0000000768900000| Untracked 
|  88|0x0000000768a00000, 0x0000000768a00000, 0x0000000768b00000|  0%| F|  |TAMS 0x0000000768a00000, 0x0000000768a00000| Untracked 
|  89|0x0000000768b00000, 0x0000000768b00000, 0x0000000768c00000|  0%| F|  |TAMS 0x0000000768b00000, 0x0000000768b00000| Untracked 
|  90|0x0000000768c00000, 0x0000000768c00000, 0x0000000768d00000|  0%| F|  |TAMS 0x0000000768c00000, 0x0000000768c00000| Untracked 
|  91|0x0000000768d00000, 0x0000000768d00000, 0x0000000768e00000|  0%| F|  |TAMS 0x0000000768d00000, 0x0000000768d00000| Untracked 
|  92|0x0000000768e00000, 0x0000000768e00000, 0x0000000768f00000|  0%| F|  |TAMS 0x0000000768e00000, 0x0000000768e00000| Untracked 
|  93|0x0000000768f00000, 0x0000000768f00000, 0x0000000769000000|  0%| F|  |TAMS 0x0000000768f00000, 0x0000000768f00000| Untracked 
|  94|0x0000000769000000, 0x0000000769000000, 0x0000000769100000|  0%| F|  |TAMS 0x0000000769000000, 0x0000000769000000| Untracked 
|  95|0x0000000769100000, 0x0000000769100000, 0x0000000769200000|  0%| F|  |TAMS 0x0000000769100000, 0x0000000769100000| Untracked 
|  96|0x0000000769200000, 0x0000000769200000, 0x0000000769300000|  0%| F|  |TAMS 0x0000000769200000, 0x0000000769200000| Untracked 
|  97|0x0000000769300000, 0x0000000769300000, 0x0000000769400000|  0%| F|  |TAMS 0x0000000769300000, 0x0000000769300000| Untracked 
|  98|0x0000000769400000, 0x0000000769400000, 0x0000000769500000|  0%| F|  |TAMS 0x0000000769400000, 0x0000000769400000| Untracked 
|  99|0x0000000769500000, 0x0000000769500000, 0x0000000769600000|  0%| F|  |TAMS 0x0000000769500000, 0x0000000769500000| Untracked 
| 100|0x0000000769600000, 0x0000000769600000, 0x0000000769700000|  0%| F|  |TAMS 0x0000000769600000, 0x0000000769600000| Untracked 
| 101|0x0000000769700000, 0x0000000769700000, 0x0000000769800000|  0%| F|  |TAMS 0x0000000769700000, 0x0000000769700000| Untracked 
| 102|0x0000000769800000, 0x0000000769800000, 0x0000000769900000|  0%| F|  |TAMS 0x0000000769800000, 0x0000000769800000| Untracked 
| 103|0x0000000769900000, 0x0000000769900000, 0x0000000769a00000|  0%| F|  |TAMS 0x0000000769900000, 0x0000000769900000| Untracked 
| 104|0x0000000769a00000, 0x0000000769a00000, 0x0000000769b00000|  0%| F|  |TAMS 0x0000000769a00000, 0x0000000769a00000| Untracked 
| 105|0x0000000769b00000, 0x0000000769b00000, 0x0000000769c00000|  0%| F|  |TAMS 0x0000000769b00000, 0x0000000769b00000| Untracked 
| 106|0x0000000769c00000, 0x0000000769c00000, 0x0000000769d00000|  0%| F|  |TAMS 0x0000000769c00000, 0x0000000769c00000| Untracked 
| 107|0x0000000769d00000, 0x0000000769d00000, 0x0000000769e00000|  0%| F|  |TAMS 0x0000000769d00000, 0x0000000769d00000| Untracked 
| 108|0x0000000769e00000, 0x0000000769e00000, 0x0000000769f00000|  0%| F|  |TAMS 0x0000000769e00000, 0x0000000769e00000| Untracked 
| 109|0x0000000769f00000, 0x0000000769f00000, 0x000000076a000000|  0%| F|  |TAMS 0x0000000769f00000, 0x0000000769f00000| Untracked 
| 110|0x000000076a000000, 0x000000076a000000, 0x000000076a100000|  0%| F|  |TAMS 0x000000076a000000, 0x000000076a000000| Untracked 
| 111|0x000000076a100000, 0x000000076a100000, 0x000000076a200000|  0%| F|  |TAMS 0x000000076a100000, 0x000000076a100000| Untracked 
| 112|0x000000076a200000, 0x000000076a200000, 0x000000076a300000|  0%| F|  |TAMS 0x000000076a200000, 0x000000076a200000| Untracked 
| 113|0x000000076a300000, 0x000000076a300000, 0x000000076a400000|  0%| F|  |TAMS 0x000000076a300000, 0x000000076a300000| Untracked 
| 114|0x000000076a400000, 0x000000076a400000, 0x000000076a500000|  0%| F|  |TAMS 0x000000076a400000, 0x000000076a400000| Untracked 
| 115|0x000000076a500000, 0x000000076a500000, 0x000000076a600000|  0%| F|  |TAMS 0x000000076a500000, 0x000000076a500000| Untracked 
| 116|0x000000076a600000, 0x000000076a600000, 0x000000076a700000|  0%| F|  |TAMS 0x000000076a600000, 0x000000076a600000| Untracked 
| 117|0x000000076a700000, 0x000000076a700000, 0x000000076a800000|  0%| F|  |TAMS 0x000000076a700000, 0x000000076a700000| Untracked 
| 118|0x000000076a800000, 0x000000076a800000, 0x000000076a900000|  0%| F|  |TAMS 0x000000076a800000, 0x000000076a800000| Untracked 
| 119|0x000000076a900000, 0x000000076a900000, 0x000000076aa00000|  0%| F|  |TAMS 0x000000076a900000, 0x000000076a900000| Untracked 
| 120|0x000000076aa00000, 0x000000076aa00000, 0x000000076ab00000|  0%| F|  |TAMS 0x000000076aa00000, 0x000000076aa00000| Untracked 
| 121|0x000000076ab00000, 0x000000076ab00000, 0x000000076ac00000|  0%| F|  |TAMS 0x000000076ab00000, 0x000000076ab00000| Untracked 
| 122|0x000000076ac00000, 0x000000076ac00000, 0x000000076ad00000|  0%| F|  |TAMS 0x000000076ac00000, 0x000000076ac00000| Untracked 
| 123|0x000000076ad00000, 0x000000076ad00000, 0x000000076ae00000|  0%| F|  |TAMS 0x000000076ad00000, 0x000000076ad00000| Untracked 
| 124|0x000000076ae00000, 0x000000076ae00000, 0x000000076af00000|  0%| F|  |TAMS 0x000000076ae00000, 0x000000076ae00000| Untracked 
| 125|0x000000076af00000, 0x000000076af00000, 0x000000076b000000|  0%| F|  |TAMS 0x000000076af00000, 0x000000076af00000| Untracked 
| 126|0x000000076b000000, 0x000000076b000000, 0x000000076b100000|  0%| F|  |TAMS 0x000000076b000000, 0x000000076b000000| Untracked 
| 127|0x000000076b100000, 0x000000076b100000, 0x000000076b200000|  0%| F|  |TAMS 0x000000076b100000, 0x000000076b100000| Untracked 
| 128|0x000000076b200000, 0x000000076b200000, 0x000000076b300000|  0%| F|  |TAMS 0x000000076b200000, 0x000000076b200000| Untracked 
| 129|0x000000076b300000, 0x000000076b300000, 0x000000076b400000|  0%| F|  |TAMS 0x000000076b300000, 0x000000076b300000| Untracked 
| 130|0x000000076b400000, 0x000000076b400000, 0x000000076b500000|  0%| F|  |TAMS 0x000000076b400000, 0x000000076b400000| Untracked 
| 131|0x000000076b500000, 0x000000076b500000, 0x000000076b600000|  0%| F|  |TAMS 0x000000076b500000, 0x000000076b500000| Untracked 
| 132|0x000000076b600000, 0x000000076b600000, 0x000000076b700000|  0%| F|  |TAMS 0x000000076b600000, 0x000000076b600000| Untracked 
| 133|0x000000076b700000, 0x000000076b700000, 0x000000076b800000|  0%| F|  |TAMS 0x000000076b700000, 0x000000076b700000| Untracked 
| 134|0x000000076b800000, 0x000000076b800000, 0x000000076b900000|  0%| F|  |TAMS 0x000000076b800000, 0x000000076b800000| Untracked 
| 135|0x000000076b900000, 0x000000076b900000, 0x000000076ba00000|  0%| F|  |TAMS 0x000000076b900000, 0x000000076b900000| Untracked 
| 136|0x000000076ba00000, 0x000000076ba00000, 0x000000076bb00000|  0%| F|  |TAMS 0x000000076ba00000, 0x000000076ba00000| Untracked 
| 137|0x000000076bb00000, 0x000000076bb00000, 0x000000076bc00000|  0%| F|  |TAMS 0x000000076bb00000, 0x000000076bb00000| Untracked 
| 138|0x000000076bc00000, 0x000000076bc00000, 0x000000076bd00000|  0%| F|  |TAMS 0x000000076bc00000, 0x000000076bc00000| Untracked 
| 139|0x000000076bd00000, 0x000000076bd00000, 0x000000076be00000|  0%| F|  |TAMS 0x000000076bd00000, 0x000000076bd00000| Untracked 
| 140|0x000000076be00000, 0x000000076be00000, 0x000000076bf00000|  0%| F|  |TAMS 0x000000076be00000, 0x000000076be00000| Untracked 
| 141|0x000000076bf00000, 0x000000076bf00000, 0x000000076c000000|  0%| F|  |TAMS 0x000000076bf00000, 0x000000076bf00000| Untracked 
| 142|0x000000076c000000, 0x000000076c000000, 0x000000076c100000|  0%| F|  |TAMS 0x000000076c000000, 0x000000076c000000| Untracked 
| 143|0x000000076c100000, 0x000000076c100000, 0x000000076c200000|  0%| F|  |TAMS 0x000000076c100000, 0x000000076c100000| Untracked 
| 144|0x000000076c200000, 0x000000076c200000, 0x000000076c300000|  0%| F|  |TAMS 0x000000076c200000, 0x000000076c200000| Untracked 
| 145|0x000000076c300000, 0x000000076c300000, 0x000000076c400000|  0%| F|  |TAMS 0x000000076c300000, 0x000000076c300000| Untracked 
| 146|0x000000076c400000, 0x000000076c400000, 0x000000076c500000|  0%| F|  |TAMS 0x000000076c400000, 0x000000076c400000| Untracked 
| 147|0x000000076c500000, 0x000000076c500000, 0x000000076c600000|  0%| F|  |TAMS 0x000000076c500000, 0x000000076c500000| Untracked 
| 148|0x000000076c600000, 0x000000076c700000, 0x000000076c700000|100%| S|CS|TAMS 0x000000076c600000, 0x000000076c600000| Complete 
| 149|0x000000076c700000, 0x000000076c800000, 0x000000076c800000|100%| S|CS|TAMS 0x000000076c700000, 0x000000076c700000| Complete 
| 150|0x000000076c800000, 0x000000076c800000, 0x000000076c900000|  0%| F|  |TAMS 0x000000076c800000, 0x000000076c800000| Untracked 
| 151|0x000000076c900000, 0x000000076c900000, 0x000000076ca00000|  0%| F|  |TAMS 0x000000076c900000, 0x000000076c900000| Untracked 
| 152|0x000000076ca00000, 0x000000076cb00000, 0x000000076cb00000|100%| E|  |TAMS 0x000000076ca00000, 0x000000076ca00000| Complete 
| 153|0x000000076cb00000, 0x000000076cc00000, 0x000000076cc00000|100%| E|CS|TAMS 0x000000076cb00000, 0x000000076cb00000| Complete 
| 154|0x000000076cc00000, 0x000000076cd00000, 0x000000076cd00000|100%| E|CS|TAMS 0x000000076cc00000, 0x000000076cc00000| Complete 
| 155|0x000000076cd00000, 0x000000076ce00000, 0x000000076ce00000|100%| E|CS|TAMS 0x000000076cd00000, 0x000000076cd00000| Complete 
| 156|0x000000076ce00000, 0x000000076cf00000, 0x000000076cf00000|100%| E|CS|TAMS 0x000000076ce00000, 0x000000076ce00000| Complete 
| 157|0x000000076cf00000, 0x000000076d000000, 0x000000076d000000|100%| E|CS|TAMS 0x000000076cf00000, 0x000000076cf00000| Complete 

Card table byte_map: [0x0000019edec70000,0x0000019edf160000] _byte_map_base: 0x0000019edb157000

Marking Bits (Prev, Next): (CMBitMap*) 0x0000019ec73c3df8, (CMBitMap*) 0x0000019ec73c3e30
 Prev Bits: [0x0000019edf650000, 0x0000019ee1d88000)
 Next Bits: [0x0000019ee1d90000, 0x0000019ee44c8000)

Polling page: 0x0000019ec54f0000

Metaspace:

Usage:
  Non-class:     10.93 MB capacity,    10.73 MB ( 98%) used,   177.66 KB (  2%) free+waste,    32.19 KB ( <1%) overhead. 
      Class:      1.42 MB capacity,     1.29 MB ( 90%) used,   123.10 KB (  8%) free+waste,    16.19 KB (  1%) overhead. 
       Both:     12.36 MB capacity,    12.01 MB ( 97%) used,   300.76 KB (  2%) free+waste,    48.38 KB ( <1%) overhead. 

Virtual space:
  Non-class space:       12.00 MB reserved,      11.00 MB ( 92%) committed 
      Class space:        1.00 GB reserved,       1.50 MB ( <1%) committed 
             Both:        1.01 GB reserved,      12.50 MB (  1%) committed 

Chunk freelists:
   Non-Class:  640 bytes
       Class:  1.88 KB
        Both:  2.50 KB

CodeHeap 'non-profiled nmethods': size=238912Kb used=1457Kb max_used=1457Kb free=237454Kb
 bounds [0x0000019ecfe30000, 0x0000019ed00a0000, 0x0000019ede780000]
CodeHeap 'non-nmethods': size=6848Kb used=1103Kb max_used=1103Kb free=5744Kb
 bounds [0x0000019ecf780000, 0x0000019ecf9f0000, 0x0000019ecfe30000]
 total_blobs=1476 nmethods=1059 adapters=328
 compilation: enabled
              stopped_count=0, restarted_count=0
 full_count=0

Compilation events (10 events):
Event: 2.007 Thread 0x0000019ee7364800 1058  s!   1       jdk.internal.loader.URLClassPath::getLoader (194 bytes)
Event: 2.011 Thread 0x0000019ee7364800 nmethod 1058 0x0000019ecff99890 code [0x0000019ecff99b40, 0x0000019ecff9a9b0]
Event: 2.011 Thread 0x0000019ee7364800 1057       1       java.lang.invoke.BootstrapMethodInvoker::maybeReBox (28 bytes)
Event: 2.011 Thread 0x0000019ee7364800 nmethod 1057 0x0000019ecff9b490 code [0x0000019ecff9b640, 0x0000019ecff9b898]
Event: 2.011 Thread 0x0000019ee7364800 1055       1       java.util.ImmutableCollections$List12::size (13 bytes)
Event: 2.011 Thread 0x0000019ee7364800 nmethod 1055 0x0000019ecff9b990 code [0x0000019ecff9bb20, 0x0000019ecff9bc58]
Event: 2.011 Thread 0x0000019ee7364800 1056       1       java.lang.Module::allows (60 bytes)
Event: 2.012 Thread 0x0000019ee7364800 nmethod 1056 0x0000019ecff9bd10 code [0x0000019ecff9bee0, 0x0000019ecff9c150]
Event: 2.012 Thread 0x0000019ee7364800 1054       1       java.lang.invoke.StringConcatFactory$RecipeElement::getTag (5 bytes)
Event: 2.012 Thread 0x0000019ee7364800 nmethod 1054 0x0000019ecff9c210 code [0x0000019ecff9c3a0, 0x0000019ecff9c4b8]

GC Heap History (4 events):
Event: 1.076 GC heap before
{Heap before GC invocations=0 (full 0):
 garbage-first heap   total 161792K, used 14336K [0x0000000763200000, 0x0000000800000000)
  region size 1024K, 14 young (14336K), 0 survivors (0K)
 Metaspace       used 6087K, capacity 6174K, committed 6272K, reserved 1056768K
  class space    used 538K, capacity 567K, committed 640K, reserved 1048576K
}
Event: 1.086 GC heap after
{Heap after GC invocations=1 (full 0):
 garbage-first heap   total 161792K, used 11939K [0x0000000763200000, 0x0000000800000000)
  region size 1024K, 2 young (2048K), 2 survivors (2048K)
 Metaspace       used 6087K, capacity 6174K, committed 6272K, reserved 1056768K
  class space    used 538K, capacity 567K, committed 640K, reserved 1048576K
}
Event: 1.270 GC heap before
{Heap before GC invocations=1 (full 0):
 garbage-first heap   total 161792K, used 19107K [0x0000000763200000, 0x0000000800000000)
  region size 1024K, 10 young (10240K), 2 survivors (2048K)
 Metaspace       used 8041K, capacity 8145K, committed 8320K, reserved 1056768K
  class space    used 769K, capacity 800K, committed 896K, reserved 1048576K
}
Event: 1.277 GC heap after
{Heap after GC invocations=2 (full 0):
 garbage-first heap   total 161792K, used 19325K [0x0000000763200000, 0x0000000800000000)
  region size 1024K, 2 young (2048K), 2 survivors (2048K)
 Metaspace       used 8041K, capacity 8145K, committed 8320K, reserved 1056768K
  class space    used 769K, capacity 800K, committed 896K, reserved 1048576K
}

Deoptimization events (0 events):
No events

Classes redefined (0 events):
No events

Internal exceptions (10 events):
Event: 1.441 Thread 0x0000019ec737c000 Exception <a 'java/lang/NoSuchMethodError'{0x000000076cda86d8}: java.lang.invoke.DirectMethodHandle$Holder.invokeSpecialIFC(Ljava/lang/Object;Ljava/lang/Object;Ljava/lang/Object;)I> (0x000000076cda86d8) thrown at [./open/src/hotspot/share/interpreter/link
Event: 1.473 Thread 0x0000019ec737c000 Exception <a 'java/lang/NoSuchMethodError'{0x000000076cc105e0}: java.lang.invoke.DirectMethodHandle$Holder.invokeStatic(Ljava/lang/Object;IIII)Ljava/lang/Object;> (0x000000076cc105e0) thrown at [./open/src/hotspot/share/interpreter/linkResolver.cpp, line 
Event: 1.473 Thread 0x0000019ec737c000 Exception <a 'java/lang/NoSuchMethodError'{0x000000076cc136f8}: java.lang.invoke.DirectMethodHandle$Holder.invokeStaticInit(Ljava/lang/Object;IIII)Ljava/lang/Object;> (0x000000076cc136f8) thrown at [./open/src/hotspot/share/interpreter/linkResolver.cpp, l
Event: 1.900 Thread 0x0000019ec737c000 Exception <a 'java/lang/NoSuchMethodError'{0x000000076cc4b050}: java.lang.invoke.DirectMethodHandle$Holder.invokeStatic(Ljava/lang/Object;Ljava/lang/Object;IIII)Ljava/lang/Object;> (0x000000076cc4b050) thrown at [./open/src/hotspot/share/interpreter/linkR
Event: 1.900 Thread 0x0000019ec737c000 Exception <a 'java/lang/NoSuchMethodError'{0x000000076cc4e398}: java.lang.invoke.DirectMethodHandle$Holder.invokeStaticInit(Ljava/lang/Object;Ljava/lang/Object;IIII)Ljava/lang/Object;> (0x000000076cc4e398) thrown at [./open/src/hotspot/share/interpreter/l
Event: 1.918 Thread 0x0000019ec737c000 Exception <a 'java/lang/ClassNotFoundException'{0x000000076cc6b8f8}: javax/management/remote/rmi/RMIServerImpl_Skel> (0x000000076cc6b8f8) thrown at [./open/src/hotspot/share/classfile/systemDictionary.cpp, line 228]
Event: 1.985 Thread 0x0000019ec737c000 Exception <a 'java/lang/ClassNotFoundException'{0x000000076cb2cd40}: jdk/internal/agent/resources/spi/agentProvider> (0x000000076cb2cd40) thrown at [./open/src/hotspot/share/classfile/systemDictionary.cpp, line 228]
Event: 1.997 Thread 0x0000019ec737c000 Exception <a 'java/lang/NoSuchMethodError'{0x000000076cb82608}: java.lang.invoke.DirectMethodHandle$Holder.invokeStatic(Ljava/lang/Object;Ljava/lang/Object;Ljava/lang/Object;Ljava/lang/Object;Ljava/lang/Object;Ljava/lang/Object;Ljava/lang/Object;Ljava/lan
Event: 1.998 Thread 0x0000019ec737c000 Exception <a 'java/lang/NoSuchMethodError'{0x000000076cb8f350}: java.lang.invoke.DirectMethodHandle$Holder.invokeStatic(Ljava/lang/Object;Ljava/lang/Object;Ljava/lang/Object;Ljava/lang/Object;Ljava/lang/Object;Ljava/lang/Object;Ljava/lang/Object;Ljava/lan
Event: 2.001 Thread 0x0000019ec737c000 Exception <a 'java/lang/NoSuchMethodError'{0x000000076cba8e28}: java.lang.invoke.DelegatingMethodHandle$Holder.reinvoke_L(Ljava/lang/Object;ILjava/lang/Object;)Ljava/lang/Object;> (0x000000076cba8e28) thrown at [./open/src/hotspot/share/interpreter/linkRe

Events (10 events):
Event: 2.037 loading class org/springframework/core/env/PropertySource
Event: 2.037 loading class org/springframework/core/env/PropertySource done
Event: 2.037 loading class java/util/concurrent/TimeUnit$1
Event: 2.037 Thread 0x0000019ee84c8800 Thread added: 0x0000019ee84c8800
Event: 2.037 loading class java/util/concurrent/TimeUnit$1 done
Event: 2.037 loading class java/time/temporal/ChronoUnit
Event: 2.037 loading class java/time/temporal/TemporalUnit
Event: 2.037 Executing VM operation: RevokeBias
Event: 2.037 loading class java/time/temporal/TemporalUnit done
Event: 2.037 loading class java/time/temporal/ChronoUnit done


Dynamic libraries:
0x00007ff6200e0000 - 0x00007ff620127000 	C:\Program Files\Java\jdk-11.0.7\bin\javaw.exe
0x00007ffb956f0000 - 0x00007ffb958e6000 	C:\WINDOWS\SYSTEM32\ntdll.dll
0x00007ffb93dc0000 - 0x00007ffb93e7d000 	C:\WINDOWS\System32\KERNEL32.DLL
0x00007ffb931f0000 - 0x00007ffb934b8000 	C:\WINDOWS\System32\KERNELBASE.dll
0x00007ffb93f50000 - 0x00007ffb93ffc000 	C:\WINDOWS\System32\ADVAPI32.dll
0x00007ffb949b0000 - 0x00007ffb94a4e000 	C:\WINDOWS\System32\msvcrt.dll
0x00007ffb94a50000 - 0x00007ffb94aeb000 	C:\WINDOWS\System32\sechost.dll
0x00007ffb93720000 - 0x00007ffb93844000 	C:\WINDOWS\System32\RPCRT4.dll
0x00007ffb950d0000 - 0x00007ffb95270000 	C:\WINDOWS\System32\USER32.dll
0x00007ffb930c0000 - 0x00007ffb930e2000 	C:\WINDOWS\System32\win32u.dll
0x00007ffb95460000 - 0x00007ffb9548a000 	C:\WINDOWS\System32\GDI32.dll
0x00007ffb934c0000 - 0x00007ffb935c9000 	C:\WINDOWS\System32\gdi32full.dll
0x00007ffb935d0000 - 0x00007ffb9366d000 	C:\WINDOWS\System32\msvcp_win.dll
0x00007ffb930f0000 - 0x00007ffb931f0000 	C:\WINDOWS\System32\ucrtbase.dll
0x00007ffb805d0000 - 0x00007ffb8086b000 	C:\WINDOWS\WinSxS\amd64_microsoft.windows.common-controls_6595b64144ccf1df_6.0.19041.488_none_ca04af081b815d21\COMCTL32.dll
0x00007ffb90510000 - 0x00007ffb9051a000 	C:\WINDOWS\SYSTEM32\VERSION.dll
0x00007ffb955a0000 - 0x00007ffb955d0000 	C:\WINDOWS\System32\IMM32.DLL
0x00007ffb8d470000 - 0x00007ffb8d486000 	C:\Program Files\Java\jdk-11.0.7\bin\vcruntime140.dll
0x00007ffb78220000 - 0x00007ffb782ca000 	C:\Program Files\Java\jdk-11.0.7\bin\msvcp140.dll
0x00007ffb50e40000 - 0x00007ffb519a1000 	C:\Program Files\Java\jdk-11.0.7\bin\server\jvm.dll
0x00007ffb95580000 - 0x00007ffb95588000 	C:\WINDOWS\System32\PSAPI.DLL
0x00007ffb8f890000 - 0x00007ffb8f899000 	C:\WINDOWS\SYSTEM32\WSOCK32.dll
0x00007ffb95000000 - 0x00007ffb9506b000 	C:\WINDOWS\System32\WS2_32.dll
0x00007ffb808e0000 - 0x00007ffb80907000 	C:\WINDOWS\SYSTEM32\WINMM.dll
0x00007ffb90d50000 - 0x00007ffb90d62000 	C:\WINDOWS\SYSTEM32\kernel.appcore.dll
0x00007ffb8a2a0000 - 0x00007ffb8a2b1000 	C:\Program Files\Java\jdk-11.0.7\bin\verify.dll
0x00007ffb85250000 - 0x00007ffb85434000 	C:\WINDOWS\SYSTEM32\DBGHELP.DLL
0x00007ffb85220000 - 0x00007ffb8524c000 	C:\WINDOWS\SYSTEM32\dbgcore.DLL
0x00007ffb93670000 - 0x00007ffb936ef000 	C:\WINDOWS\System32\bcryptPrimitives.dll
0x00007ffb8a270000 - 0x00007ffb8a299000 	C:\Program Files\Java\jdk-11.0.7\bin\java.dll
0x00007ffb8cec0000 - 0x00007ffb8ceca000 	C:\Program Files\Java\jdk-11.0.7\bin\jimage.dll
0x00007ffb8a250000 - 0x00007ffb8a266000 	C:\Program Files\Java\jdk-11.0.7\bin\zip.dll
0x00007ffb94260000 - 0x00007ffb949a1000 	C:\WINDOWS\System32\SHELL32.dll
0x00007ffb90f50000 - 0x00007ffb916e5000 	C:\WINDOWS\SYSTEM32\windows.storage.dll
0x00007ffb94ca0000 - 0x00007ffb94ff5000 	C:\WINDOWS\System32\combase.dll
0x00007ffb927a0000 - 0x00007ffb927cc000 	C:\WINDOWS\SYSTEM32\Wldp.dll
0x00007ffb955d0000 - 0x00007ffb9567e000 	C:\WINDOWS\System32\SHCORE.dll
0x00007ffb940e0000 - 0x00007ffb94135000 	C:\WINDOWS\System32\shlwapi.dll
0x00007ffb92d30000 - 0x00007ffb92d56000 	C:\WINDOWS\SYSTEM32\profapi.dll
0x00007ffb81dc0000 - 0x00007ffb81dd9000 	C:\Program Files\Java\jdk-11.0.7\bin\net.dll
0x00007ffb8a6c0000 - 0x00007ffb8a7c0000 	C:\WINDOWS\SYSTEM32\WINHTTP.dll
0x00007ffb92520000 - 0x00007ffb9258a000 	C:\WINDOWS\system32\mswsock.dll
0x00007ffb81da0000 - 0x00007ffb81db3000 	C:\Program Files\Java\jdk-11.0.7\bin\nio.dll
0x00007ffb8cd90000 - 0x00007ffb8cd99000 	C:\Program Files\Java\jdk-11.0.7\bin\management.dll
0x00007ffb8bde0000 - 0x00007ffb8bdec000 	C:\Program Files\Java\jdk-11.0.7\bin\management_ext.dll
0x00007ffb7b4b0000 - 0x00007ffb7b4c7000 	C:\WINDOWS\system32\napinsp.dll
0x00007ffb7b490000 - 0x00007ffb7b4ab000 	C:\WINDOWS\system32\pnrpnsp.dll
0x00007ffb7dbd0000 - 0x00007ffb7dbe5000 	C:\WINDOWS\system32\wshbth.dll
0x00007ffb8f7e0000 - 0x00007ffb8f7fd000 	C:\WINDOWS\system32\NLAapi.dll
0x00007ffb92210000 - 0x00007ffb9224b000 	C:\WINDOWS\SYSTEM32\IPHLPAPI.DLL
0x00007ffb92250000 - 0x00007ffb9231b000 	C:\WINDOWS\SYSTEM32\DNSAPI.dll
0x00007ffb95590000 - 0x00007ffb95598000 	C:\WINDOWS\System32\NSI.dll
0x00007ffb7b470000 - 0x00007ffb7b482000 	C:\WINDOWS\System32\winrnr.dll
0x00007ffb8a490000 - 0x00007ffb8a49a000 	C:\Windows\System32\rasadhlp.dll
0x00007ffb8a640000 - 0x00007ffb8a6bf000 	C:\WINDOWS\System32\fwpuclnt.dll
0x00007ffb936f0000 - 0x00007ffb93717000 	C:\WINDOWS\System32\bcrypt.dll
0x00007ffb926f0000 - 0x00007ffb92708000 	C:\WINDOWS\SYSTEM32\CRYPTSP.dll
0x00007ffb91eb0000 - 0x00007ffb91ee4000 	C:\WINDOWS\system32\rsaenh.dll
0x00007ffb92cb0000 - 0x00007ffb92cde000 	C:\WINDOWS\SYSTEM32\USERENV.dll
0x00007ffb92710000 - 0x00007ffb9271c000 	C:\WINDOWS\SYSTEM32\CRYPTBASE.dll
0x00007ffb8b620000 - 0x00007ffb8b637000 	C:\WINDOWS\SYSTEM32\dhcpcsvc6.DLL
0x00007ffb8b900000 - 0x00007ffb8b91d000 	C:\WINDOWS\SYSTEM32\dhcpcsvc.DLL

dbghelp: loaded successfully - version: 4.0.5 - missing functions: none
symbol engine: initialized successfully - sym options: 0x614 - pdb path: .;C:\Program Files\Java\jdk-11.0.7\bin;C:\WINDOWS\SYSTEM32;C:\WINDOWS\WinSxS\amd64_microsoft.windows.common-controls_6595b64144ccf1df_6.0.19041.488_none_ca04af081b815d21;C:\Program Files\Java\jdk-11.0.7\bin\server

VM Arguments:
jvm_args: -Dcom.sun.management.jmxremote -Dcom.sun.management.jmxremote.port=50874 -Dcom.sun.management.jmxremote.authenticate=false -Dcom.sun.management.jmxremote.ssl=false -Djava.rmi.server.hostname=localhost -Dspring.jmx.enabled=true -Dspring.application.admin.enabled=true -XX:TieredStopAtLevel=1 -Dspring.boot.project.name=componentes -Dfile.encoding=UTF-8 
java_command: br.com.o.q.leidson.componentes.ComponentesApplication --spring.output.ansi.enabled=always
java_class_path (initial): C:\Users\oqlei\OneDrive\Documentos\Projetos\componentes\target\classes;C:\Users\oqlei\.m2\repository\org\springframework\boot\spring-boot-starter-web\2.2.7.RELEASE\spring-boot-starter-web-2.2.7.RELEASE.jar;C:\Users\oqlei\.m2\repository\org\springframework\boot\spring-boot-starter\2.2.7.RELEASE\spring-boot-starter-2.2.7.RELEASE.jar;C:\Users\oqlei\.m2\repository\org\springframework\boot\spring-boot-starter-logging\2.2.7.RELEASE\spring-boot-starter-logging-2.2.7.RELEASE.jar;C:\Users\oqlei\.m2\repository\ch\qos\logback\logback-classic\1.2.3\logback-classic-1.2.3.jar;C:\Users\oqlei\.m2\repository\ch\qos\logback\logback-core\1.2.3\logback-core-1.2.3.jar;C:\Users\oqlei\.m2\repository\org\apache\logging\log4j\log4j-to-slf4j\2.12.1\log4j-to-slf4j-2.12.1.jar;C:\Users\oqlei\.m2\repository\org\apache\logging\log4j\log4j-api\2.12.1\log4j-api-2.12.1.jar;C:\Users\oqlei\.m2\repository\org\slf4j\jul-to-slf4j\1.7.30\jul-to-slf4j-1.7.30.jar;C:\Users\oqlei\.m2\repository\jakarta\annotation\jakarta.annotation-api\1.3.5\jakarta.annotation-api-1.3.5.jar;C:\Users\oqlei\.m2\repository\org\yaml\snakeyaml\1.25\snakeyaml-1.25.jar;C:\Users\oqlei\.m2\repository\org\springframework\boot\spring-boot-starter-json\2.2.7.RELEASE\spring-boot-starter-json-2.2.7.RELEASE.jar;C:\Users\oqlei\.m2\repository\com\fasterxml\jackson\datatype\jackson-datatype-jdk8\2.10.4\jackson-datatype-jdk8-2.10.4.jar;C:\Users\oqlei\.m2\repository\com\fasterxml\jackson\datatype\jackson-datatype-jsr310\2.10.4\jackson-datatype-jsr310-2.10.4.jar;C:\Users\oqlei\.m2\repository\com\fasterxml\jackson\module\jackson-module-parameter-names\2.10.4\jackson-module-parameter-names-2.10.4.jar;C:\Users\oqlei\.m2\repository\org\springframework\boot\spring-boot-starter-tomcat\2.2.7.RELEASE\spring-boot-starter-tomcat-2.2.7.RELEASE.jar;C:\Users\oqlei\.m2\repository\org\apache\tomcat\embed\tomcat-embed-core\9.0.34\tomcat-embed-core-9.0.34.jar;C:\Users\oqlei\.m2\repository\org\apache\tomcat\embed\tomcat-embed-el\9.0.34
Launcher Type: SUN_STANDARD

[Global flags]
     intx CICompilerCount                          = 3                                         {product} {ergonomic}
     uint ConcGCThreads                            = 1                                         {product} {ergonomic}
     uint G1ConcRefinementThreads                  = 4                                         {product} {ergonomic}
   size_t G1HeapRegionSize                         = 1048576                                   {product} {ergonomic}
    uintx GCDrainStackTargetSize                   = 64                                        {product} {ergonomic}
   size_t InitialHeapSize                          = 165675008                                 {product} {ergonomic}
     bool ManagementServer                         = true                                      {product} {command line}
   size_t MarkStackSize                            = 4194304                                   {product} {ergonomic}
   size_t MaxHeapSize                              = 2631925760                                {product} {ergonomic}
   size_t MaxNewSize                               = 1579155456                                {product} {ergonomic}
   size_t MinHeapDeltaBytes                        = 1048576                                   {product} {ergonomic}
    uintx NonNMethodCodeHeapSize                   = 6973028                                {pd product} {ergonomic}
    uintx NonProfiledCodeHeapSize                  = 244685212                              {pd product} {ergonomic}
    uintx ProfiledCodeHeapSize                     = 0                                      {pd product} {ergonomic}
    uintx ReservedCodeCacheSize                    = 251658240                              {pd product} {ergonomic}
     bool SegmentedCodeCache                       = true                                      {product} {ergonomic}
     intx TieredStopAtLevel                        = 1                                         {product} {command line}
     bool UseCompressedClassPointers               = true                                 {lp64_product} {ergonomic}
     bool UseCompressedOops                        = true                                 {lp64_product} {ergonomic}
     bool UseG1GC                                  = true                                      {product} {ergonomic}
     bool UseLargePagesIndividualAllocation        = false                                  {pd product} {ergonomic}

Logging:
Log output configuration:
 #0: stdout all=warning uptime,level,tags
 #1: stderr all=off uptime,level,tags

Environment Variables:
JAVA_HOME=C:\Program Files\Java\jdk-11.0.9
PATH=C:/Program Files/Java/jdk-11.0.9/bin/server;C:/Program Files/Java/jdk-11.0.9/bin;C:\WINDOWS\system32;C:\WINDOWS;C:\WINDOWS\System32\Wbem;C:\WINDOWS\System32\WindowsPowerShell\v1.0\;C:\Program Files\Java\jdk-11.0.9\bin;C:\WINDOWS\System32\OpenSSH\;C:\Program Files\Git\cmd;C:\Program Files\Java\jdk-11.0.9\bin;C:\xampp2\mysql\bin;C:\Users\oqlei\AppData\Local\Microsoft\WindowsApps;C:\Program Files\heroku\bin;C:\Users\oqlei\Downloads\sts-4.6.1.RELEASE;
USERNAME=oqlei
OS=Windows_NT
PROCESSOR_IDENTIFIER=Intel64 Family 6 Model 58 Stepping 9, GenuineIntel



---------------  S Y S T E M  ---------------

OS: Windows 10 , 64 bit Build 19041 (10.0.19041.546)

CPU:total 4 (initial active 4) (2 cores per cpu, 2 threads per core) family 6 model 58 stepping 9, cmov, cx8, fxsr, mmx, sse, sse2, sse3, ssse3, sse4.1, sse4.2, popcnt, avx, clmul, erms, ht, tsc, tscinvbit, tscinv

Memory: 4k page, system-wide physical 10035M (6074M free)
TotalPageFile size 11571M (AvailPageFile size 6932M)
current process WorkingSet (physical memory assigned to process): 81M, peak: 81M
current process commit charge ("private bytes"): 248M, peak: 248M

vm_info: Java HotSpot(TM) 64-Bit Server VM (11.0.7+8-LTS) for windows-amd64 JRE (11.0.7+8-LTS), built on Mar 12 2020 02:04:32 by "mach5one" with MS VC++ 15.5 (VS2017)

END.
