#
# A fatal error has been detected by the Java Runtime Environment:
#
#  EXCEPTION_ACCESS_VIOLATION (0xc0000005) at pc=0x00007ffc3ee2394c, pid=3824, tid=5304
#
# JRE version: Java(TM) SE Runtime Environment 18.9 (11.0.7+8) (build 11.0.7+8-LTS)
# Java VM: Java HotSpot(TM) 64-Bit Server VM 18.9 (11.0.7+8-LTS, mixed mode, tiered, compressed oops, g1 gc, windows-amd64)
# Problematic frame:
# V  [jvm.dll+0x6f394c]
#
# No core dump will be written. Minidumps are not enabled by default on client versions of Windows
#
# If you would like to submit a bug report, please visit:
#   https://bugreport.java.com/bugreport/crash.jsp
#

---------------  S U M M A R Y ------------

Command Line: -Dcom.sun.management.jmxremote -Dcom.sun.management.jmxremote.port=56900 -Dcom.sun.management.jmxremote.authenticate=false -Dcom.sun.management.jmxremote.ssl=false -Djava.rmi.server.hostname=localhost -Dspring.jmx.enabled=true -Dspring.application.admin.enabled=true -Xverify:none -XX:TieredStopAtLevel=1 -Dspring.boot.project.name=componentes -Dfile.encoding=UTF-8 br.com.o.q.leidson.componentes.ComponentesApplication --spring.output.ansi.enabled=always

Host: Intel(R) Core(TM) i3-3217U CPU @ 1.80GHz, 4 cores, 9G,  Windows 10 , 64 bit Build 19041 (10.0.19041.546)
Time: Sun Nov 29 16:23:48 2020 Hora oficial do Brasil elapsed time: 2 seconds (0d 0h 0m 2s)

---------------  T H R E A D  ---------------

Current thread (0x00000203e3253000):  WatcherThread [stack: 0x000000786a200000,0x000000786a300000] [id=5304]

Stack: [0x000000786a200000,0x000000786a300000],  sp=0x000000786a2ff420,  free space=1021k
Native frames: (J=compiled Java code, j=interpreted, Vv=VM code, C=native code)
V  [jvm.dll+0x6f394c]
V  [jvm.dll+0x73fc7d]
V  [jvm.dll+0x765fe9]
V  [jvm.dll+0x75e875]
V  [jvm.dll+0x660b26]
C  [ucrtbase.dll+0x214c2]
C  [KERNEL32.DLL+0x17034]
C  [ntdll.dll+0x4cec1]


siginfo: EXCEPTION_ACCESS_VIOLATION (0xc0000005), reading address 0x0000000000000008


Register to memory mapping:

RIP=0x00007ffc3ee2394c jvm.dll
RAX=0x0 is NULL
RBX=0x0 is NULL
RCX=0x0000000800000007 is pointing into metadata
RDX=0x000000000000003b is an unknown value
RSP=0x000000786a2ff420 points into unknown readable memory: 00 30 25 e3 03 02 00 00
RBP=0x0000000000000002 is an unknown value
RSI=0x00000203e323e3c0 points into unknown readable memory: b0 81 29 e3 03 02 00 00
RDI=0x0 is NULL
R8 =0x0 is NULL
R9 =0x00000203ca5c0b80 is at begin+0 in a stub
StubRoutines::atomic_cmpxchg_long [0x00000203ca5c0b80, 0x00000203ca5c0b89[ (9 bytes)
R10=0x00000000546c6148 is an unknown value
R11=0x000002e0c6bfad97 is an unknown value
R12=0x0 is NULL
R13=0x00000203e3253000 points into unknown readable memory: 18 92 03 3f fc 7f 00 00
R14=0x000000000000003b is an unknown value
R15=0x00000203e30fe290 points into unknown readable memory: 00 00 00 00 00 00 00 00


Registers:
RAX=0x0000000000000000, RBX=0x0000000000000000, RCX=0x0000000800000007, RDX=0x000000000000003b
RSP=0x000000786a2ff420, RBP=0x0000000000000002, RSI=0x00000203e323e3c0, RDI=0x0000000000000000
R8 =0x0000000000000000, R9 =0x00000203ca5c0b80, R10=0x00000000546c6148, R11=0x000002e0c6bfad97
R12=0x0000000000000000, R13=0x00000203e3253000, R14=0x000000000000003b, R15=0x00000203e30fe290
RIP=0x00007ffc3ee2394c, EFLAGS=0x0000000000010202

Top of Stack: (sp=0x000000786a2ff420)
0x000000786a2ff420:   00000203e3253000 00000203e3253000
0x000000786a2ff430:   00012cc63be36ce4 00007ffc3ed642d9
0x000000786a2ff440:   00007ffc3f1dabc8 00007ffc3ee6fc7d
0x000000786a2ff450:   0000000000000001 00000203c21bb190
0x000000786a2ff460:   00000203c21bb190 431bde82d7b634db
0x000000786a2ff470:   00000203e30fe290 00012cc63be36ce4
0x000000786a2ff480:   00000203c21bb190 00007ffc3ee95fe9
0x000000786a2ff490:   0000000000000001 000000000000003b
0x000000786a2ff4a0:   0000000000000032 0000000000000002
0x000000786a2ff4b0:   0000000000000000 0000000000000000
0x000000786a2ff4c0:   0000000000000000 0000000000000000
0x000000786a2ff4d0:   0000000000000000 0000000000000000
0x000000786a2ff4e0:   0000000000000000 0000000000000000
0x000000786a2ff4f0:   00000203e3253000 0000000000000000
0x000000786a2ff500:   0000000000100000 000000786a2ff750
0x000000786a2ff510:   000000786a200000 00007ffc3ee8e875 

Instructions: (pc=0x00007ffc3ee2394c)
0x00007ffc3ee2392c:   35 67 23 3b 00 33 db 48 8b 06 39 18 7e 27 48 89
0x00007ffc3ee2393c:   7c 24 30 8b fb 48 8b 40 18 48 8b 0c 07 48 8b 01
0x00007ffc3ee2394c:   ff 50 08 48 8b 06 48 8d 7f 08 ff c3 3b 18 7c e5
0x00007ffc3ee2395c:   48 8b 7c 24 30 48 8b 5c 24 38 48 83 c4 20 5e c3 


Stack slot to memory mapping:
stack at sp + 0 slots: 0x00000203e3253000 points into unknown readable memory: 18 92 03 3f fc 7f 00 00
stack at sp + 1 slots: 0x00000203e3253000 points into unknown readable memory: 18 92 03 3f fc 7f 00 00
stack at sp + 2 slots: 0x00012cc63be36ce4 is an unknown value
stack at sp + 3 slots: 0x00007ffc3ed642d9 jvm.dll
stack at sp + 4 slots: 0x00007ffc3f1dabc8 jvm.dll
stack at sp + 5 slots: 0x00007ffc3ee6fc7d jvm.dll
stack at sp + 6 slots: 0x0000000000000001 is an unknown value
stack at sp + 7 slots: 0x00000203c21bb190 points into unknown readable memory: 01 00 00 00 00 00 00 00


---------------  P R O C E S S  ---------------

Threads class SMR info:
_java_thread_list=0x00000203e3298480, length=12, elements={
0x00000203c21bf800, 0x00000203e1808000, 0x00000203e180a000, 0x00000203e2092800,
0x00000203e2094800, 0x00000203e209a000, 0x00000203e20b5000, 0x00000203e20b7800,
0x00000203e20b6800, 0x00000203e20b8800, 0x00000203e20b9000, 0x00000203e20b3800
}

Java Threads: ( => current thread )
  0x00000203c21bf800 JavaThread "main" [_thread_in_Java, id=1876, stack(0x0000007868e00000,0x0000007868f00000)]
  0x00000203e1808000 JavaThread "Reference Handler" daemon [_thread_blocked, id=4132, stack(0x0000007869500000,0x0000007869600000)]
  0x00000203e180a000 JavaThread "Finalizer" daemon [_thread_blocked, id=7568, stack(0x0000007869600000,0x0000007869700000)]
  0x00000203e2092800 JavaThread "Signal Dispatcher" daemon [_thread_blocked, id=7124, stack(0x0000007869700000,0x0000007869800000)]
  0x00000203e2094800 JavaThread "Attach Listener" daemon [_thread_blocked, id=5212, stack(0x0000007869800000,0x0000007869900000)]
  0x00000203e209a000 JavaThread "C1 CompilerThread0" daemon [_thread_in_vm, id=5892, stack(0x0000007869900000,0x0000007869a00000)]
  0x00000203e20b5000 JavaThread "Sweeper thread" daemon [_thread_blocked, id=8440, stack(0x0000007869a00000,0x0000007869b00000)]
  0x00000203e20b7800 JavaThread "Common-Cleaner" daemon [_thread_blocked, id=9460, stack(0x0000007869b00000,0x0000007869c00000)]
  0x00000203e20b6800 JavaThread "Service Thread" daemon [_thread_blocked, id=8076, stack(0x0000007869c00000,0x0000007869d00000)]
  0x00000203e20b8800 JavaThread "RMI TCP Accept-0" daemon [_thread_in_native, id=10124, stack(0x0000007869f00000,0x000000786a000000)]
  0x00000203e20b9000 JavaThread "RMI TCP Accept-56900" daemon [_thread_in_native, id=6260, stack(0x000000786a000000,0x000000786a100000)]
  0x00000203e20b3800 JavaThread "RMI TCP Accept-0" daemon [_thread_in_native, id=10292, stack(0x000000786a100000,0x000000786a200000)]

Other Threads:
  0x00000203e1804800 VMThread "VM Thread" [stack: 0x0000007869400000,0x0000007869500000] [id=9092]
=>0x00000203e3253000 WatcherThread [stack: 0x000000786a200000,0x000000786a300000] [id=5304]
  0x00000203c21d7000 GCTaskThread "GC Thread#0" [stack: 0x0000007868f00000,0x0000007869000000] [id=2708]
  0x00000203e2436800 GCTaskThread "GC Thread#1" [stack: 0x0000007869d00000,0x0000007869e00000] [id=11980]
  0x00000203e2437000 GCTaskThread "GC Thread#2" [stack: 0x0000007869e00000,0x0000007869f00000] [id=1232]
  0x00000203c2212800 ConcurrentGCThread "G1 Main Marker" [stack: 0x0000007869000000,0x0000007869100000] [id=2348]
  0x00000203c2215000 ConcurrentGCThread "G1 Conc#0" [stack: 0x0000007869100000,0x0000007869200000] [id=8740]
  0x00000203e1672800 ConcurrentGCThread "G1 Refine#0" [stack: 0x0000007869200000,0x0000007869300000] [id=8164]
  0x00000203e1673800 ConcurrentGCThread "G1 Young RemSet Sampling" [stack: 0x0000007869300000,0x0000007869400000] [id=6792]

Threads with active compile tasks:
C1 CompilerThread01061       1       java.util.concurrent.ConcurrentHashMap$MapEntry::<init> (20 bytes)

VM state:not at safepoint (normal execution)

VM Mutex/Monitor currently owned by a thread:  ([mutex/lock_event])
[0x00000203c21bb190] PeriodicTask_lock - owner thread: 0x00000203e3253000

Heap address: 0x0000000763200000, size: 2510 MB, Compressed Oops mode: Zero based, Oop shift amount: 3
Narrow klass base: 0x0000000800000000, Narrow klass shift: 0
Compressed class space size: 1073741824 Address: 0x0000000800000000

Heap:
 garbage-first heap   total 161792K, used 29578K [0x0000000763200000, 0x0000000800000000)
  region size 1024K, 13 young (13312K), 2 survivors (2048K)
 Metaspace       used 13470K, capacity 13858K, committed 14208K, reserved 1062912K
  class space    used 1406K, capacity 1541K, committed 1664K, reserved 1048576K
Heap Regions: E=young(eden), S=young(survivor), O=old, HS=humongous(starts), HC=humongous(continues), CS=collection set, F=free, A=archive, TAMS=top-at-mark-start (previous, next)
|   0|0x0000000763200000, 0x0000000763300000, 0x0000000763300000|100%|HS|  |TAMS 0x0000000763200000, 0x0000000763200000| Complete 
|   1|0x0000000763300000, 0x0000000763400000, 0x0000000763400000|100%| O|  |TAMS 0x0000000763300000, 0x0000000763300000| Untracked 
|   2|0x0000000763400000, 0x0000000763500000, 0x0000000763500000|100%| O|  |TAMS 0x0000000763400000, 0x0000000763400000| Untracked 
|   3|0x0000000763500000, 0x0000000763600000, 0x0000000763600000|100%| O|  |TAMS 0x0000000763500000, 0x0000000763500000| Untracked 
|   4|0x0000000763600000, 0x0000000763700000, 0x0000000763700000|100%| O|  |TAMS 0x0000000763600000, 0x0000000763600000| Untracked 
|   5|0x0000000763700000, 0x0000000763800000, 0x0000000763800000|100%| O|  |TAMS 0x0000000763700000, 0x0000000763700000| Untracked 
|   6|0x0000000763800000, 0x0000000763900000, 0x0000000763900000|100%| O|  |TAMS 0x0000000763800000, 0x0000000763800000| Untracked 
|   7|0x0000000763900000, 0x0000000763a00000, 0x0000000763a00000|100%| O|  |TAMS 0x0000000763900000, 0x0000000763900000| Untracked 
|   8|0x0000000763a00000, 0x0000000763b00000, 0x0000000763b00000|100%| O|  |TAMS 0x0000000763a00000, 0x0000000763a00000| Untracked 
|   9|0x0000000763b00000, 0x0000000763c00000, 0x0000000763c00000|100%| O|  |TAMS 0x0000000763b00000, 0x0000000763b00000| Untracked 
|  10|0x0000000763c00000, 0x0000000763d00000, 0x0000000763d00000|100%| O|  |TAMS 0x0000000763c00000, 0x0000000763c00000| Untracked 
|  11|0x0000000763d00000, 0x0000000763e00000, 0x0000000763e00000|100%| O|  |TAMS 0x0000000763d00000, 0x0000000763d00000| Untracked 
|  12|0x0000000763e00000, 0x0000000763f00000, 0x0000000763f00000|100%| O|  |TAMS 0x0000000763e00000, 0x0000000763e00000| Untracked 
|  13|0x0000000763f00000, 0x0000000764000000, 0x0000000764000000|100%| O|  |TAMS 0x0000000763f00000, 0x0000000763f00000| Untracked 
|  14|0x0000000764000000, 0x0000000764100000, 0x0000000764100000|100%| O|  |TAMS 0x0000000764000000, 0x0000000764000000| Untracked 
|  15|0x0000000764100000, 0x0000000764200000, 0x0000000764200000|100%| O|  |TAMS 0x0000000764100000, 0x0000000764100000| Untracked 
|  16|0x0000000764200000, 0x00000007642e2a00, 0x0000000764300000| 88%| O|  |TAMS 0x0000000764200000, 0x0000000764200000| Untracked 
|  17|0x0000000764300000, 0x0000000764300000, 0x0000000764400000|  0%| F|  |TAMS 0x0000000764300000, 0x0000000764300000| Untracked 
|  18|0x0000000764400000, 0x0000000764400000, 0x0000000764500000|  0%| F|  |TAMS 0x0000000764400000, 0x0000000764400000| Untracked 
|  19|0x0000000764500000, 0x0000000764500000, 0x0000000764600000|  0%| F|  |TAMS 0x0000000764500000, 0x0000000764500000| Untracked 
|  20|0x0000000764600000, 0x0000000764600000, 0x0000000764700000|  0%| F|  |TAMS 0x0000000764600000, 0x0000000764600000| Untracked 
|  21|0x0000000764700000, 0x0000000764700000, 0x0000000764800000|  0%| F|  |TAMS 0x0000000764700000, 0x0000000764700000| Untracked 
|  22|0x0000000764800000, 0x0000000764800000, 0x0000000764900000|  0%| F|  |TAMS 0x0000000764800000, 0x0000000764800000| Untracked 
|  23|0x0000000764900000, 0x0000000764900000, 0x0000000764a00000|  0%| F|  |TAMS 0x0000000764900000, 0x0000000764900000| Untracked 
|  24|0x0000000764a00000, 0x0000000764a00000, 0x0000000764b00000|  0%| F|  |TAMS 0x0000000764a00000, 0x0000000764a00000| Untracked 
|  25|0x0000000764b00000, 0x0000000764b00000, 0x0000000764c00000|  0%| F|  |TAMS 0x0000000764b00000, 0x0000000764b00000| Untracked 
|  26|0x0000000764c00000, 0x0000000764c00000, 0x0000000764d00000|  0%| F|  |TAMS 0x0000000764c00000, 0x0000000764c00000| Untracked 
|  27|0x0000000764d00000, 0x0000000764d00000, 0x0000000764e00000|  0%| F|  |TAMS 0x0000000764d00000, 0x0000000764d00000| Untracked 
|  28|0x0000000764e00000, 0x0000000764e00000, 0x0000000764f00000|  0%| F|  |TAMS 0x0000000764e00000, 0x0000000764e00000| Untracked 
|  29|0x0000000764f00000, 0x0000000764f00000, 0x0000000765000000|  0%| F|  |TAMS 0x0000000764f00000, 0x0000000764f00000| Untracked 
|  30|0x0000000765000000, 0x0000000765000000, 0x0000000765100000|  0%| F|  |TAMS 0x0000000765000000, 0x0000000765000000| Untracked 
|  31|0x0000000765100000, 0x0000000765100000, 0x0000000765200000|  0%| F|  |TAMS 0x0000000765100000, 0x0000000765100000| Untracked 
|  32|0x0000000765200000, 0x0000000765200000, 0x0000000765300000|  0%| F|  |TAMS 0x0000000765200000, 0x0000000765200000| Untracked 
|  33|0x0000000765300000, 0x0000000765300000, 0x0000000765400000|  0%| F|  |TAMS 0x0000000765300000, 0x0000000765300000| Untracked 
|  34|0x0000000765400000, 0x0000000765400000, 0x0000000765500000|  0%| F|  |TAMS 0x0000000765400000, 0x0000000765400000| Untracked 
|  35|0x0000000765500000, 0x0000000765500000, 0x0000000765600000|  0%| F|  |TAMS 0x0000000765500000, 0x0000000765500000| Untracked 
|  36|0x0000000765600000, 0x0000000765600000, 0x0000000765700000|  0%| F|  |TAMS 0x0000000765600000, 0x0000000765600000| Untracked 
|  37|0x0000000765700000, 0x0000000765700000, 0x0000000765800000|  0%| F|  |TAMS 0x0000000765700000, 0x0000000765700000| Untracked 
|  38|0x0000000765800000, 0x0000000765800000, 0x0000000765900000|  0%| F|  |TAMS 0x0000000765800000, 0x0000000765800000| Untracked 
|  39|0x0000000765900000, 0x0000000765900000, 0x0000000765a00000|  0%| F|  |TAMS 0x0000000765900000, 0x0000000765900000| Untracked 
|  40|0x0000000765a00000, 0x0000000765a00000, 0x0000000765b00000|  0%| F|  |TAMS 0x0000000765a00000, 0x0000000765a00000| Untracked 
|  41|0x0000000765b00000, 0x0000000765b00000, 0x0000000765c00000|  0%| F|  |TAMS 0x0000000765b00000, 0x0000000765b00000| Untracked 
|  42|0x0000000765c00000, 0x0000000765c00000, 0x0000000765d00000|  0%| F|  |TAMS 0x0000000765c00000, 0x0000000765c00000| Untracked 
|  43|0x0000000765d00000, 0x0000000765d00000, 0x0000000765e00000|  0%| F|  |TAMS 0x0000000765d00000, 0x0000000765d00000| Untracked 
|  44|0x0000000765e00000, 0x0000000765e00000, 0x0000000765f00000|  0%| F|  |TAMS 0x0000000765e00000, 0x0000000765e00000| Untracked 
|  45|0x0000000765f00000, 0x0000000765f00000, 0x0000000766000000|  0%| F|  |TAMS 0x0000000765f00000, 0x0000000765f00000| Untracked 
|  46|0x0000000766000000, 0x0000000766000000, 0x0000000766100000|  0%| F|  |TAMS 0x0000000766000000, 0x0000000766000000| Untracked 
|  47|0x0000000766100000, 0x0000000766100000, 0x0000000766200000|  0%| F|  |TAMS 0x0000000766100000, 0x0000000766100000| Untracked 
|  48|0x0000000766200000, 0x0000000766200000, 0x0000000766300000|  0%| F|  |TAMS 0x0000000766200000, 0x0000000766200000| Untracked 
|  49|0x0000000766300000, 0x0000000766300000, 0x0000000766400000|  0%| F|  |TAMS 0x0000000766300000, 0x0000000766300000| Untracked 
|  50|0x0000000766400000, 0x0000000766400000, 0x0000000766500000|  0%| F|  |TAMS 0x0000000766400000, 0x0000000766400000| Untracked 
|  51|0x0000000766500000, 0x0000000766500000, 0x0000000766600000|  0%| F|  |TAMS 0x0000000766500000, 0x0000000766500000| Untracked 
|  52|0x0000000766600000, 0x0000000766600000, 0x0000000766700000|  0%| F|  |TAMS 0x0000000766600000, 0x0000000766600000| Untracked 
|  53|0x0000000766700000, 0x0000000766700000, 0x0000000766800000|  0%| F|  |TAMS 0x0000000766700000, 0x0000000766700000| Untracked 
|  54|0x0000000766800000, 0x0000000766800000, 0x0000000766900000|  0%| F|  |TAMS 0x0000000766800000, 0x0000000766800000| Untracked 
|  55|0x0000000766900000, 0x0000000766900000, 0x0000000766a00000|  0%| F|  |TAMS 0x0000000766900000, 0x0000000766900000| Untracked 
|  56|0x0000000766a00000, 0x0000000766a00000, 0x0000000766b00000|  0%| F|  |TAMS 0x0000000766a00000, 0x0000000766a00000| Untracked 
|  57|0x0000000766b00000, 0x0000000766b00000, 0x0000000766c00000|  0%| F|  |TAMS 0x0000000766b00000, 0x0000000766b00000| Untracked 
|  58|0x0000000766c00000, 0x0000000766c00000, 0x0000000766d00000|  0%| F|  |TAMS 0x0000000766c00000, 0x0000000766c00000| Untracked 
|  59|0x0000000766d00000, 0x0000000766d00000, 0x0000000766e00000|  0%| F|  |TAMS 0x0000000766d00000, 0x0000000766d00000| Untracked 
|  60|0x0000000766e00000, 0x0000000766e00000, 0x0000000766f00000|  0%| F|  |TAMS 0x0000000766e00000, 0x0000000766e00000| Untracked 
|  61|0x0000000766f00000, 0x0000000766f00000, 0x0000000767000000|  0%| F|  |TAMS 0x0000000766f00000, 0x0000000766f00000| Untracked 
|  62|0x0000000767000000, 0x0000000767000000, 0x0000000767100000|  0%| F|  |TAMS 0x0000000767000000, 0x0000000767000000| Untracked 
|  63|0x0000000767100000, 0x0000000767100000, 0x0000000767200000|  0%| F|  |TAMS 0x0000000767100000, 0x0000000767100000| Untracked 
|  64|0x0000000767200000, 0x0000000767200000, 0x0000000767300000|  0%| F|  |TAMS 0x0000000767200000, 0x0000000767200000| Untracked 
|  65|0x0000000767300000, 0x0000000767300000, 0x0000000767400000|  0%| F|  |TAMS 0x0000000767300000, 0x0000000767300000| Untracked 
|  66|0x0000000767400000, 0x0000000767400000, 0x0000000767500000|  0%| F|  |TAMS 0x0000000767400000, 0x0000000767400000| Untracked 
|  67|0x0000000767500000, 0x0000000767500000, 0x0000000767600000|  0%| F|  |TAMS 0x0000000767500000, 0x0000000767500000| Untracked 
|  68|0x0000000767600000, 0x0000000767600000, 0x0000000767700000|  0%| F|  |TAMS 0x0000000767600000, 0x0000000767600000| Untracked 
|  69|0x0000000767700000, 0x0000000767700000, 0x0000000767800000|  0%| F|  |TAMS 0x0000000767700000, 0x0000000767700000| Untracked 
|  70|0x0000000767800000, 0x0000000767800000, 0x0000000767900000|  0%| F|  |TAMS 0x0000000767800000, 0x0000000767800000| Untracked 
|  71|0x0000000767900000, 0x0000000767900000, 0x0000000767a00000|  0%| F|  |TAMS 0x0000000767900000, 0x0000000767900000| Untracked 
|  72|0x0000000767a00000, 0x0000000767a00000, 0x0000000767b00000|  0%| F|  |TAMS 0x0000000767a00000, 0x0000000767a00000| Untracked 
|  73|0x0000000767b00000, 0x0000000767b00000, 0x0000000767c00000|  0%| F|  |TAMS 0x0000000767b00000, 0x0000000767b00000| Untracked 
|  74|0x0000000767c00000, 0x0000000767c00000, 0x0000000767d00000|  0%| F|  |TAMS 0x0000000767c00000, 0x0000000767c00000| Untracked 
|  75|0x0000000767d00000, 0x0000000767d00000, 0x0000000767e00000|  0%| F|  |TAMS 0x0000000767d00000, 0x0000000767d00000| Untracked 
|  76|0x0000000767e00000, 0x0000000767e00000, 0x0000000767f00000|  0%| F|  |TAMS 0x0000000767e00000, 0x0000000767e00000| Untracked 
|  77|0x0000000767f00000, 0x0000000767f00000, 0x0000000768000000|  0%| F|  |TAMS 0x0000000767f00000, 0x0000000767f00000| Untracked 
|  78|0x0000000768000000, 0x0000000768000000, 0x0000000768100000|  0%| F|  |TAMS 0x0000000768000000, 0x0000000768000000| Untracked 
|  79|0x0000000768100000, 0x0000000768100000, 0x0000000768200000|  0%| F|  |TAMS 0x0000000768100000, 0x0000000768100000| Untracked 
|  80|0x0000000768200000, 0x0000000768200000, 0x0000000768300000|  0%| F|  |TAMS 0x0000000768200000, 0x0000000768200000| Untracked 
|  81|0x0000000768300000, 0x0000000768300000, 0x0000000768400000|  0%| F|  |TAMS 0x0000000768300000, 0x0000000768300000| Untracked 
|  82|0x0000000768400000, 0x0000000768400000, 0x0000000768500000|  0%| F|  |TAMS 0x0000000768400000, 0x0000000768400000| Untracked 
|  83|0x0000000768500000, 0x0000000768500000, 0x0000000768600000|  0%| F|  |TAMS 0x0000000768500000, 0x0000000768500000| Untracked 
|  84|0x0000000768600000, 0x0000000768600000, 0x0000000768700000|  0%| F|  |TAMS 0x0000000768600000, 0x0000000768600000| Untracked 
|  85|0x0000000768700000, 0x0000000768700000, 0x0000000768800000|  0%| F|  |TAMS 0x0000000768700000, 0x0000000768700000| Untracked 
|  86|0x0000000768800000, 0x0000000768800000, 0x0000000768900000|  0%| F|  |TAMS 0x0000000768800000, 0x0000000768800000| Untracked 
|  87|0x0000000768900000, 0x0000000768900000, 0x0000000768a00000|  0%| F|  |TAMS 0x0000000768900000, 0x0000000768900000| Untracked 
|  88|0x0000000768a00000, 0x0000000768a00000, 0x0000000768b00000|  0%| F|  |TAMS 0x0000000768a00000, 0x0000000768a00000| Untracked 
|  89|0x0000000768b00000, 0x0000000768b00000, 0x0000000768c00000|  0%| F|  |TAMS 0x0000000768b00000, 0x0000000768b00000| Untracked 
|  90|0x0000000768c00000, 0x0000000768c00000, 0x0000000768d00000|  0%| F|  |TAMS 0x0000000768c00000, 0x0000000768c00000| Untracked 
|  91|0x0000000768d00000, 0x0000000768d00000, 0x0000000768e00000|  0%| F|  |TAMS 0x0000000768d00000, 0x0000000768d00000| Untracked 
|  92|0x0000000768e00000, 0x0000000768e00000, 0x0000000768f00000|  0%| F|  |TAMS 0x0000000768e00000, 0x0000000768e00000| Untracked 
|  93|0x0000000768f00000, 0x0000000768f00000, 0x0000000769000000|  0%| F|  |TAMS 0x0000000768f00000, 0x0000000768f00000| Untracked 
|  94|0x0000000769000000, 0x0000000769000000, 0x0000000769100000|  0%| F|  |TAMS 0x0000000769000000, 0x0000000769000000| Untracked 
|  95|0x0000000769100000, 0x0000000769100000, 0x0000000769200000|  0%| F|  |TAMS 0x0000000769100000, 0x0000000769100000| Untracked 
|  96|0x0000000769200000, 0x0000000769200000, 0x0000000769300000|  0%| F|  |TAMS 0x0000000769200000, 0x0000000769200000| Untracked 
|  97|0x0000000769300000, 0x0000000769300000, 0x0000000769400000|  0%| F|  |TAMS 0x0000000769300000, 0x0000000769300000| Untracked 
|  98|0x0000000769400000, 0x0000000769400000, 0x0000000769500000|  0%| F|  |TAMS 0x0000000769400000, 0x0000000769400000| Untracked 
|  99|0x0000000769500000, 0x0000000769500000, 0x0000000769600000|  0%| F|  |TAMS 0x0000000769500000, 0x0000000769500000| Untracked 
| 100|0x0000000769600000, 0x0000000769600000, 0x0000000769700000|  0%| F|  |TAMS 0x0000000769600000, 0x0000000769600000| Untracked 
| 101|0x0000000769700000, 0x0000000769700000, 0x0000000769800000|  0%| F|  |TAMS 0x0000000769700000, 0x0000000769700000| Untracked 
| 102|0x0000000769800000, 0x0000000769800000, 0x0000000769900000|  0%| F|  |TAMS 0x0000000769800000, 0x0000000769800000| Untracked 
| 103|0x0000000769900000, 0x0000000769900000, 0x0000000769a00000|  0%| F|  |TAMS 0x0000000769900000, 0x0000000769900000| Untracked 
| 104|0x0000000769a00000, 0x0000000769a00000, 0x0000000769b00000|  0%| F|  |TAMS 0x0000000769a00000, 0x0000000769a00000| Untracked 
| 105|0x0000000769b00000, 0x0000000769b00000, 0x0000000769c00000|  0%| F|  |TAMS 0x0000000769b00000, 0x0000000769b00000| Untracked 
| 106|0x0000000769c00000, 0x0000000769c00000, 0x0000000769d00000|  0%| F|  |TAMS 0x0000000769c00000, 0x0000000769c00000| Untracked 
| 107|0x0000000769d00000, 0x0000000769d00000, 0x0000000769e00000|  0%| F|  |TAMS 0x0000000769d00000, 0x0000000769d00000| Untracked 
| 108|0x0000000769e00000, 0x0000000769e00000, 0x0000000769f00000|  0%| F|  |TAMS 0x0000000769e00000, 0x0000000769e00000| Untracked 
| 109|0x0000000769f00000, 0x0000000769f00000, 0x000000076a000000|  0%| F|  |TAMS 0x0000000769f00000, 0x0000000769f00000| Untracked 
| 110|0x000000076a000000, 0x000000076a000000, 0x000000076a100000|  0%| F|  |TAMS 0x000000076a000000, 0x000000076a000000| Untracked 
| 111|0x000000076a100000, 0x000000076a100000, 0x000000076a200000|  0%| F|  |TAMS 0x000000076a100000, 0x000000076a100000| Untracked 
| 112|0x000000076a200000, 0x000000076a200000, 0x000000076a300000|  0%| F|  |TAMS 0x000000076a200000, 0x000000076a200000| Untracked 
| 113|0x000000076a300000, 0x000000076a300000, 0x000000076a400000|  0%| F|  |TAMS 0x000000076a300000, 0x000000076a300000| Untracked 
| 114|0x000000076a400000, 0x000000076a400000, 0x000000076a500000|  0%| F|  |TAMS 0x000000076a400000, 0x000000076a400000| Untracked 
| 115|0x000000076a500000, 0x000000076a500000, 0x000000076a600000|  0%| F|  |TAMS 0x000000076a500000, 0x000000076a500000| Untracked 
| 116|0x000000076a600000, 0x000000076a600000, 0x000000076a700000|  0%| F|  |TAMS 0x000000076a600000, 0x000000076a600000| Untracked 
| 117|0x000000076a700000, 0x000000076a700000, 0x000000076a800000|  0%| F|  |TAMS 0x000000076a700000, 0x000000076a700000| Untracked 
| 118|0x000000076a800000, 0x000000076a800000, 0x000000076a900000|  0%| F|  |TAMS 0x000000076a800000, 0x000000076a800000| Untracked 
| 119|0x000000076a900000, 0x000000076a900000, 0x000000076aa00000|  0%| F|  |TAMS 0x000000076a900000, 0x000000076a900000| Untracked 
| 120|0x000000076aa00000, 0x000000076aa00000, 0x000000076ab00000|  0%| F|  |TAMS 0x000000076aa00000, 0x000000076aa00000| Untracked 
| 121|0x000000076ab00000, 0x000000076ab00000, 0x000000076ac00000|  0%| F|  |TAMS 0x000000076ab00000, 0x000000076ab00000| Untracked 
| 122|0x000000076ac00000, 0x000000076ac00000, 0x000000076ad00000|  0%| F|  |TAMS 0x000000076ac00000, 0x000000076ac00000| Untracked 
| 123|0x000000076ad00000, 0x000000076ad00000, 0x000000076ae00000|  0%| F|  |TAMS 0x000000076ad00000, 0x000000076ad00000| Untracked 
| 124|0x000000076ae00000, 0x000000076ae00000, 0x000000076af00000|  0%| F|  |TAMS 0x000000076ae00000, 0x000000076ae00000| Untracked 
| 125|0x000000076af00000, 0x000000076af00000, 0x000000076b000000|  0%| F|  |TAMS 0x000000076af00000, 0x000000076af00000| Untracked 
| 126|0x000000076b000000, 0x000000076b000000, 0x000000076b100000|  0%| F|  |TAMS 0x000000076b000000, 0x000000076b000000| Untracked 
| 127|0x000000076b100000, 0x000000076b100000, 0x000000076b200000|  0%| F|  |TAMS 0x000000076b100000, 0x000000076b100000| Untracked 
| 128|0x000000076b200000, 0x000000076b200000, 0x000000076b300000|  0%| F|  |TAMS 0x000000076b200000, 0x000000076b200000| Untracked 
| 129|0x000000076b300000, 0x000000076b300000, 0x000000076b400000|  0%| F|  |TAMS 0x000000076b300000, 0x000000076b300000| Untracked 
| 130|0x000000076b400000, 0x000000076b400000, 0x000000076b500000|  0%| F|  |TAMS 0x000000076b400000, 0x000000076b400000| Untracked 
| 131|0x000000076b500000, 0x000000076b500000, 0x000000076b600000|  0%| F|  |TAMS 0x000000076b500000, 0x000000076b500000| Untracked 
| 132|0x000000076b600000, 0x000000076b600000, 0x000000076b700000|  0%| F|  |TAMS 0x000000076b600000, 0x000000076b600000| Untracked 
| 133|0x000000076b700000, 0x000000076b700000, 0x000000076b800000|  0%| F|  |TAMS 0x000000076b700000, 0x000000076b700000| Untracked 
| 134|0x000000076b800000, 0x000000076b800000, 0x000000076b900000|  0%| F|  |TAMS 0x000000076b800000, 0x000000076b800000| Untracked 
| 135|0x000000076b900000, 0x000000076b900000, 0x000000076ba00000|  0%| F|  |TAMS 0x000000076b900000, 0x000000076b900000| Untracked 
| 136|0x000000076ba00000, 0x000000076ba00000, 0x000000076bb00000|  0%| F|  |TAMS 0x000000076ba00000, 0x000000076ba00000| Untracked 
| 137|0x000000076bb00000, 0x000000076bb00000, 0x000000076bc00000|  0%| F|  |TAMS 0x000000076bb00000, 0x000000076bb00000| Untracked 
| 138|0x000000076bc00000, 0x000000076bc00000, 0x000000076bd00000|  0%| F|  |TAMS 0x000000076bc00000, 0x000000076bc00000| Untracked 
| 139|0x000000076bd00000, 0x000000076bd00000, 0x000000076be00000|  0%| F|  |TAMS 0x000000076bd00000, 0x000000076bd00000| Untracked 
| 140|0x000000076be00000, 0x000000076be00000, 0x000000076bf00000|  0%| F|  |TAMS 0x000000076be00000, 0x000000076be00000| Untracked 
| 141|0x000000076bf00000, 0x000000076bf00000, 0x000000076c000000|  0%| F|  |TAMS 0x000000076bf00000, 0x000000076bf00000| Untracked 
| 142|0x000000076c000000, 0x000000076c000000, 0x000000076c100000|  0%| F|  |TAMS 0x000000076c000000, 0x000000076c000000| Untracked 
| 143|0x000000076c100000, 0x000000076c100000, 0x000000076c200000|  0%| F|  |TAMS 0x000000076c100000, 0x000000076c100000| Untracked 
| 144|0x000000076c200000, 0x000000076c200000, 0x000000076c300000|  0%| F|  |TAMS 0x000000076c200000, 0x000000076c200000| Untracked 
| 145|0x000000076c300000, 0x000000076c400000, 0x000000076c400000|100%| E|  |TAMS 0x000000076c300000, 0x000000076c300000| Complete 
| 146|0x000000076c400000, 0x000000076c500000, 0x000000076c500000|100%| E|CS|TAMS 0x000000076c400000, 0x000000076c400000| Complete 
| 147|0x000000076c500000, 0x000000076c600000, 0x000000076c600000|100%| E|CS|TAMS 0x000000076c500000, 0x000000076c500000| Complete 
| 148|0x000000076c600000, 0x000000076c700000, 0x000000076c700000|100%| S|CS|TAMS 0x000000076c600000, 0x000000076c600000| Complete 
| 149|0x000000076c700000, 0x000000076c800000, 0x000000076c800000|100%| S|CS|TAMS 0x000000076c700000, 0x000000076c700000| Complete 
| 150|0x000000076c800000, 0x000000076c900000, 0x000000076c900000|100%| E|CS|TAMS 0x000000076c800000, 0x000000076c800000| Complete 
| 151|0x000000076c900000, 0x000000076ca00000, 0x000000076ca00000|100%| E|CS|TAMS 0x000000076c900000, 0x000000076c900000| Complete 
| 152|0x000000076ca00000, 0x000000076cb00000, 0x000000076cb00000|100%| E|CS|TAMS 0x000000076ca00000, 0x000000076ca00000| Complete 
| 153|0x000000076cb00000, 0x000000076cc00000, 0x000000076cc00000|100%| E|CS|TAMS 0x000000076cb00000, 0x000000076cb00000| Complete 
| 154|0x000000076cc00000, 0x000000076cd00000, 0x000000076cd00000|100%| E|CS|TAMS 0x000000076cc00000, 0x000000076cc00000| Complete 
| 155|0x000000076cd00000, 0x000000076ce00000, 0x000000076ce00000|100%| E|CS|TAMS 0x000000076cd00000, 0x000000076cd00000| Complete 
| 156|0x000000076ce00000, 0x000000076cf00000, 0x000000076cf00000|100%| E|CS|TAMS 0x000000076ce00000, 0x000000076ce00000| Complete 
| 157|0x000000076cf00000, 0x000000076d000000, 0x000000076d000000|100%| E|CS|TAMS 0x000000076cf00000, 0x000000076cf00000| Complete 

Card table byte_map: [0x00000203d9ab0000,0x00000203d9fa0000] _byte_map_base: 0x00000203d5f97000

Marking Bits (Prev, Next): (CMBitMap*) 0x00000203c2208278, (CMBitMap*) 0x00000203c22082b0
 Prev Bits: [0x00000203da490000, 0x00000203dcbc8000)
 Next Bits: [0x00000203dcbd0000, 0x00000203df308000)

Polling page: 0x00000203c0150000

Metaspace:

Usage:
  Non-class:     12.09 MB capacity,    11.81 MB ( 98%) used,   253.33 KB (  2%) free+waste,    31.69 KB ( <1%) overhead. 
      Class:      1.54 MB capacity,     1.38 MB ( 90%) used,   145.39 KB (  9%) free+waste,    15.63 KB ( <1%) overhead. 
       Both:     13.63 MB capacity,    13.19 MB ( 97%) used,   398.72 KB (  3%) free+waste,    47.31 KB ( <1%) overhead. 

Virtual space:
  Non-class space:       14.00 MB reserved,      12.25 MB ( 88%) committed 
      Class space:        1.00 GB reserved,       1.63 MB ( <1%) committed 
             Both:        1.01 GB reserved,      13.88 MB (  1%) committed 

Chunk freelists:
   Non-Class:  4.38 KB
       Class:  3.38 KB
        Both:  7.75 KB

CodeHeap 'non-profiled nmethods': size=238912Kb used=1465Kb max_used=1465Kb free=237446Kb
 bounds [0x00000203cac70000, 0x00000203caee0000, 0x00000203d95c0000]
CodeHeap 'non-nmethods': size=6848Kb used=1117Kb max_used=1117Kb free=5731Kb
 bounds [0x00000203ca5c0000, 0x00000203ca830000, 0x00000203cac70000]
 total_blobs=1490 nmethods=1061 adapters=339
 compilation: enabled
              stopped_count=0, restarted_count=0
 full_count=0

Compilation events (10 events):
Event: 2.354 Thread 0x00000203e209a000 1057       1       java.lang.StringCoding::decodeUTF8 (45 bytes)
Event: 2.355 Thread 0x00000203e209a000 nmethod 1057 0x00000203caddcb10 code [0x00000203caddcce0, 0x00000203caddcf90]
Event: 2.355 Thread 0x00000203e209a000 1058       1       java.lang.String::toUpperCase (29 bytes)
Event: 2.355 Thread 0x00000203e209a000 nmethod 1058 0x00000203caddd110 code [0x00000203caddd2c0, 0x00000203caddd460]
Event: 2.357 Thread 0x00000203e209a000 1059       1       java.util.concurrent.ConcurrentHashMap$EntryIterator::next (5 bytes)
Event: 2.357 Thread 0x00000203e209a000 nmethod 1059 0x00000203caddd510 code [0x00000203caddd6c0, 0x00000203caddd7f0]
Event: 2.357 Thread 0x00000203e209a000 1062  s    1       java.util.Properties::put (10 bytes)
Event: 2.357 Thread 0x00000203e209a000 nmethod 1062 0x00000203caddd890 code [0x00000203caddda40, 0x00000203cadddd10]
Event: 2.357 Thread 0x00000203e209a000 1060       1       java.util.concurrent.ConcurrentHashMap$EntryIterator::next (51 bytes)
Event: 2.358 Thread 0x00000203e209a000 nmethod 1060 0x00000203caddde10 code [0x00000203cadddfe0, 0x00000203cadde3c0]

GC Heap History (4 events):
Event: 1.339 GC heap before
{Heap before GC invocations=0 (full 0):
 garbage-first heap   total 161792K, used 14336K [0x0000000763200000, 0x0000000800000000)
  region size 1024K, 14 young (14336K), 0 survivors (0K)
 Metaspace       used 6078K, capacity 6170K, committed 6272K, reserved 1056768K
  class space    used 538K, capacity 567K, committed 640K, reserved 1048576K
}
Event: 1.350 GC heap after
{Heap after GC invocations=1 (full 0):
 garbage-first heap   total 161792K, used 12171K [0x0000000763200000, 0x0000000800000000)
  region size 1024K, 2 young (2048K), 2 survivors (2048K)
 Metaspace       used 6078K, capacity 6170K, committed 6272K, reserved 1056768K
  class space    used 538K, capacity 567K, committed 640K, reserved 1048576K
}
Event: 1.563 GC heap before
{Heap before GC invocations=1 (full 0):
 garbage-first heap   total 161792K, used 19339K [0x0000000763200000, 0x0000000800000000)
  region size 1024K, 10 young (10240K), 2 survivors (2048K)
 Metaspace       used 8037K, capacity 8141K, committed 8320K, reserved 1056768K
  class space    used 769K, capacity 800K, committed 896K, reserved 1048576K
}
Event: 1.572 GC heap after
{Heap after GC invocations=2 (full 0):
 garbage-first heap   total 161792K, used 19338K [0x0000000763200000, 0x0000000800000000)
  region size 1024K, 2 young (2048K), 2 survivors (2048K)
 Metaspace       used 8037K, capacity 8141K, committed 8320K, reserved 1056768K
  class space    used 769K, capacity 800K, committed 896K, reserved 1048576K
}

Deoptimization events (0 events):
No events

Classes redefined (0 events):
No events

Internal exceptions (10 events):
Event: 1.804 Thread 0x00000203c21bf800 Exception <a 'java/lang/NoSuchMethodError'{0x000000076cdfd8b0}: java.lang.invoke.DirectMethodHandle$Holder.invokeStaticInit(Ljava/lang/Object;IIII)Ljava/lang/Object;> (0x000000076cdfd8b0) thrown at [./open/src/hotspot/share/interpreter/linkResolver.cpp, l
Event: 2.238 Thread 0x00000203c21bf800 Exception <a 'java/lang/NoSuchMethodError'{0x000000076cc33488}: java.lang.invoke.DirectMethodHandle$Holder.invokeStatic(Ljava/lang/Object;Ljava/lang/Object;IIII)Ljava/lang/Object;> (0x000000076cc33488) thrown at [./open/src/hotspot/share/interpreter/linkR
Event: 2.239 Thread 0x00000203c21bf800 Exception <a 'java/lang/NoSuchMethodError'{0x000000076cc367d0}: java.lang.invoke.DirectMethodHandle$Holder.invokeStaticInit(Ljava/lang/Object;Ljava/lang/Object;IIII)Ljava/lang/Object;> (0x000000076cc367d0) thrown at [./open/src/hotspot/share/interpreter/l
Event: 2.258 Thread 0x00000203c21bf800 Exception <a 'java/lang/ClassNotFoundException'{0x000000076cc53d30}: javax/management/remote/rmi/RMIServerImpl_Skel> (0x000000076cc53d30) thrown at [./open/src/hotspot/share/classfile/systemDictionary.cpp, line 228]
Event: 2.318 Thread 0x00000203c21bf800 Exception <a 'java/lang/ClassNotFoundException'{0x000000076cb2dfc8}: jdk/internal/agent/resources/spi/agentProvider> (0x000000076cb2dfc8) thrown at [./open/src/hotspot/share/classfile/systemDictionary.cpp, line 228]
Event: 2.329 Thread 0x00000203c21bf800 Exception <a 'java/lang/NoSuchMethodError'{0x000000076cb83888}: java.lang.invoke.DirectMethodHandle$Holder.invokeStatic(Ljava/lang/Object;Ljava/lang/Object;Ljava/lang/Object;Ljava/lang/Object;Ljava/lang/Object;Ljava/lang/Object;Ljava/lang/Object;Ljava/lan
Event: 2.330 Thread 0x00000203c21bf800 Exception <a 'java/lang/NoSuchMethodError'{0x000000076cb900a8}: java.lang.invoke.DirectMethodHandle$Holder.invokeStatic(Ljava/lang/Object;Ljava/lang/Object;Ljava/lang/Object;Ljava/lang/Object;Ljava/lang/Object;Ljava/lang/Object;Ljava/lang/Object;Ljava/lan
Event: 2.333 Thread 0x00000203c21bf800 Exception <a 'java/lang/NoSuchMethodError'{0x000000076cba9b80}: java.lang.invoke.DelegatingMethodHandle$Holder.reinvoke_L(Ljava/lang/Object;ILjava/lang/Object;)Ljava/lang/Object;> (0x000000076cba9b80) thrown at [./open/src/hotspot/share/interpreter/linkRe
Event: 2.419 Thread 0x00000203c21bf800 Exception <a 'java/lang/ClassNotFoundException'{0x000000076c9aabf0}: javax/smartcardio/CardPermission> (0x000000076c9aabf0) thrown at [./open/src/hotspot/share/classfile/systemDictionary.cpp, line 228]
Event: 2.425 Thread 0x00000203c21bf800 Exception <a 'java/io/FileNotFoundException'{0x000000076c87dbb8}> (0x000000076c87dbb8) thrown at [./open/src/hotspot/share/prims/jni.cpp, line 611]

Events (10 events):
Event: 2.454 loading class ch/qos/logback/core/filter/Filter
Event: 2.454 loading class ch/qos/logback/core/filter/Filter done
Event: 2.456 loading class ch/qos/logback/core/joran/spi/ConsoleTarget
Event: 2.456 loading class ch/qos/logback/core/joran/spi/ConsoleTarget done
Event: 2.457 loading class ch/qos/logback/core/joran/spi/ConsoleTarget$1
Event: 2.457 loading class ch/qos/logback/core/joran/spi/ConsoleTarget$1 done
Event: 2.457 loading class ch/qos/logback/core/joran/spi/ConsoleTarget$2
Event: 2.457 loading class ch/qos/logback/core/joran/spi/ConsoleTarget$2 done
Event: 2.458 loading class ch/qos/logback/core/encoder/LayoutWrappingEncoder
Event: 2.458 loading class ch/qos/logback/core/encoder/LayoutWrappingEncoder done


Dynamic libraries:
0x00007ff755770000 - 0x00007ff7557b7000 	C:\Program Files\Java\jdk-11.0.7\bin\javaw.exe
0x00007ffc69970000 - 0x00007ffc69b66000 	C:\WINDOWS\SYSTEM32\ntdll.dll
0x00007ffc68230000 - 0x00007ffc682ed000 	C:\WINDOWS\System32\KERNEL32.DLL
0x00007ffc67210000 - 0x00007ffc674d8000 	C:\WINDOWS\System32\KERNELBASE.dll
0x00007ffc68de0000 - 0x00007ffc68e8c000 	C:\WINDOWS\System32\ADVAPI32.dll
0x00007ffc68350000 - 0x00007ffc683ee000 	C:\WINDOWS\System32\msvcrt.dll
0x00007ffc68570000 - 0x00007ffc6860b000 	C:\WINDOWS\System32\sechost.dll
0x00007ffc67d40000 - 0x00007ffc67e64000 	C:\WINDOWS\System32\RPCRT4.dll
0x00007ffc696e0000 - 0x00007ffc69880000 	C:\WINDOWS\System32\USER32.dll
0x00007ffc67080000 - 0x00007ffc670a2000 	C:\WINDOWS\System32\win32u.dll
0x00007ffc68ef0000 - 0x00007ffc68f1a000 	C:\WINDOWS\System32\GDI32.dll
0x00007ffc676b0000 - 0x00007ffc677b9000 	C:\WINDOWS\System32\gdi32full.dll
0x00007ffc674e0000 - 0x00007ffc6757d000 	C:\WINDOWS\System32\msvcp_win.dll
0x00007ffc67870000 - 0x00007ffc67970000 	C:\WINDOWS\System32\ucrtbase.dll
0x00007ffc56300000 - 0x00007ffc5659b000 	C:\WINDOWS\WinSxS\amd64_microsoft.windows.common-controls_6595b64144ccf1df_6.0.19041.488_none_ca04af081b815d21\COMCTL32.dll
0x00007ffc51f10000 - 0x00007ffc51f1a000 	C:\WINDOWS\SYSTEM32\VERSION.dll
0x00007ffc67e70000 - 0x00007ffc67ea0000 	C:\WINDOWS\System32\IMM32.DLL
0x00007ffc52280000 - 0x00007ffc52296000 	C:\Program Files\Java\jdk-11.0.7\bin\vcruntime140.dll
0x00007ffc428a0000 - 0x00007ffc4294a000 	C:\Program Files\Java\jdk-11.0.7\bin\msvcp140.dll
0x00007ffc3e730000 - 0x00007ffc3f291000 	C:\Program Files\Java\jdk-11.0.7\bin\server\jvm.dll
0x00007ffc67ea0000 - 0x00007ffc67ea8000 	C:\WINDOWS\System32\PSAPI.DLL
0x00007ffc62780000 - 0x00007ffc62789000 	C:\WINDOWS\SYSTEM32\WSOCK32.dll
0x00007ffc62ef0000 - 0x00007ffc62f17000 	C:\WINDOWS\SYSTEM32\WINMM.dll
0x00007ffc68f20000 - 0x00007ffc68f8b000 	C:\WINDOWS\System32\WS2_32.dll
0x00007ffc64fd0000 - 0x00007ffc64fe2000 	C:\WINDOWS\SYSTEM32\kernel.appcore.dll
0x00007ffc5b980000 - 0x00007ffc5b991000 	C:\Program Files\Java\jdk-11.0.7\bin\verify.dll
0x00007ffc58cd0000 - 0x00007ffc58eb4000 	C:\WINDOWS\SYSTEM32\DBGHELP.DLL
0x00007ffc58ca0000 - 0x00007ffc58ccc000 	C:\WINDOWS\SYSTEM32\dbgcore.DLL
0x00007ffc67630000 - 0x00007ffc676af000 	C:\WINDOWS\System32\bcryptPrimitives.dll
0x00007ffc58340000 - 0x00007ffc58369000 	C:\Program Files\Java\jdk-11.0.7\bin\java.dll
0x00007ffc64930000 - 0x00007ffc6493a000 	C:\Program Files\Java\jdk-11.0.7\bin\jimage.dll
0x00007ffc5a890000 - 0x00007ffc5a8a6000 	C:\Program Files\Java\jdk-11.0.7\bin\zip.dll
0x00007ffc68f90000 - 0x00007ffc696d1000 	C:\WINDOWS\System32\SHELL32.dll
0x00007ffc651d0000 - 0x00007ffc65965000 	C:\WINDOWS\SYSTEM32\windows.storage.dll
0x00007ffc68610000 - 0x00007ffc68965000 	C:\WINDOWS\System32\combase.dll
0x00007ffc66a80000 - 0x00007ffc66aac000 	C:\WINDOWS\SYSTEM32\Wldp.dll
0x00007ffc67c90000 - 0x00007ffc67d3e000 	C:\WINDOWS\System32\SHCORE.dll
0x00007ffc68510000 - 0x00007ffc68565000 	C:\WINDOWS\System32\shlwapi.dll
0x00007ffc66fb0000 - 0x00007ffc66fd6000 	C:\WINDOWS\SYSTEM32\profapi.dll
0x00007ffc5a580000 - 0x00007ffc5a599000 	C:\Program Files\Java\jdk-11.0.7\bin\net.dll
0x00007ffc5dfa0000 - 0x00007ffc5e0a0000 	C:\WINDOWS\SYSTEM32\WINHTTP.dll
0x00007ffc667a0000 - 0x00007ffc6680a000 	C:\WINDOWS\system32\mswsock.dll
0x00007ffc5a210000 - 0x00007ffc5a223000 	C:\Program Files\Java\jdk-11.0.7\bin\nio.dll
0x00007ffc648f0000 - 0x00007ffc648f9000 	C:\Program Files\Java\jdk-11.0.7\bin\management.dll
0x00007ffc62e80000 - 0x00007ffc62e8c000 	C:\Program Files\Java\jdk-11.0.7\bin\management_ext.dll
0x00007ffc54130000 - 0x00007ffc54147000 	C:\WINDOWS\system32\napinsp.dll
0x00007ffc53760000 - 0x00007ffc5377b000 	C:\WINDOWS\system32\pnrpnsp.dll
0x00007ffc62040000 - 0x00007ffc62055000 	C:\WINDOWS\system32\wshbth.dll
0x00007ffc62e00000 - 0x00007ffc62e1d000 	C:\WINDOWS\system32\NLAapi.dll
0x00007ffc66490000 - 0x00007ffc664cb000 	C:\WINDOWS\SYSTEM32\IPHLPAPI.DLL
0x00007ffc664d0000 - 0x00007ffc6659b000 	C:\WINDOWS\SYSTEM32\DNSAPI.dll
0x00007ffc67eb0000 - 0x00007ffc67eb8000 	C:\WINDOWS\System32\NSI.dll
0x00007ffc525f0000 - 0x00007ffc52602000 	C:\WINDOWS\System32\winrnr.dll
0x00007ffc5de10000 - 0x00007ffc5de1a000 	C:\Windows\System32\rasadhlp.dll
0x00007ffc5e1f0000 - 0x00007ffc5e26f000 	C:\WINDOWS\System32\fwpuclnt.dll
0x00007ffc67970000 - 0x00007ffc67997000 	C:\WINDOWS\System32\bcrypt.dll
0x00007ffc66970000 - 0x00007ffc66988000 	C:\WINDOWS\SYSTEM32\CRYPTSP.dll
0x00007ffc66130000 - 0x00007ffc66164000 	C:\WINDOWS\system32\rsaenh.dll
0x00007ffc66f30000 - 0x00007ffc66f5e000 	C:\WINDOWS\SYSTEM32\USERENV.dll
0x00007ffc66990000 - 0x00007ffc6699c000 	C:\WINDOWS\SYSTEM32\CRYPTBASE.dll
0x00007ffc5fd20000 - 0x00007ffc5fd37000 	C:\WINDOWS\SYSTEM32\dhcpcsvc6.DLL
0x00007ffc5fdf0000 - 0x00007ffc5fe0d000 	C:\WINDOWS\SYSTEM32\dhcpcsvc.DLL

dbghelp: loaded successfully - version: 4.0.5 - missing functions: none
symbol engine: initialized successfully - sym options: 0x614 - pdb path: .;C:\Program Files\Java\jdk-11.0.7\bin;C:\WINDOWS\SYSTEM32;C:\WINDOWS\WinSxS\amd64_microsoft.windows.common-controls_6595b64144ccf1df_6.0.19041.488_none_ca04af081b815d21;C:\Program Files\Java\jdk-11.0.7\bin\server

VM Arguments:
jvm_args: -Dcom.sun.management.jmxremote -Dcom.sun.management.jmxremote.port=56900 -Dcom.sun.management.jmxremote.authenticate=false -Dcom.sun.management.jmxremote.ssl=false -Djava.rmi.server.hostname=localhost -Dspring.jmx.enabled=true -Dspring.application.admin.enabled=true -Xverify:none -XX:TieredStopAtLevel=1 -Dspring.boot.project.name=componentes -Dfile.encoding=UTF-8 
java_command: br.com.o.q.leidson.componentes.ComponentesApplication --spring.output.ansi.enabled=always
java_class_path (initial): C:\Users\oqlei\OneDrive\Documentos\Projetos\componentes\target\classes;C:\Users\oqlei\.m2\repository\org\springframework\boot\spring-boot-starter-web\2.2.7.RELEASE\spring-boot-starter-web-2.2.7.RELEASE.jar;C:\Users\oqlei\.m2\repository\org\springframework\boot\spring-boot-starter\2.2.7.RELEASE\spring-boot-starter-2.2.7.RELEASE.jar;C:\Users\oqlei\.m2\repository\org\springframework\boot\spring-boot-starter-logging\2.2.7.RELEASE\spring-boot-starter-logging-2.2.7.RELEASE.jar;C:\Users\oqlei\.m2\repository\ch\qos\logback\logback-classic\1.2.3\logback-classic-1.2.3.jar;C:\Users\oqlei\.m2\repository\ch\qos\logback\logback-core\1.2.3\logback-core-1.2.3.jar;C:\Users\oqlei\.m2\repository\org\apache\logging\log4j\log4j-to-slf4j\2.12.1\log4j-to-slf4j-2.12.1.jar;C:\Users\oqlei\.m2\repository\org\apache\logging\log4j\log4j-api\2.12.1\log4j-api-2.12.1.jar;C:\Users\oqlei\.m2\repository\org\slf4j\jul-to-slf4j\1.7.30\jul-to-slf4j-1.7.30.jar;C:\Users\oqlei\.m2\repository\jakarta\annotation\jakarta.annotation-api\1.3.5\jakarta.annotation-api-1.3.5.jar;C:\Users\oqlei\.m2\repository\org\yaml\snakeyaml\1.25\snakeyaml-1.25.jar;C:\Users\oqlei\.m2\repository\org\springframework\boot\spring-boot-starter-json\2.2.7.RELEASE\spring-boot-starter-json-2.2.7.RELEASE.jar;C:\Users\oqlei\.m2\repository\com\fasterxml\jackson\datatype\jackson-datatype-jdk8\2.10.4\jackson-datatype-jdk8-2.10.4.jar;C:\Users\oqlei\.m2\repository\com\fasterxml\jackson\datatype\jackson-datatype-jsr310\2.10.4\jackson-datatype-jsr310-2.10.4.jar;C:\Users\oqlei\.m2\repository\com\fasterxml\jackson\module\jackson-module-parameter-names\2.10.4\jackson-module-parameter-names-2.10.4.jar;C:\Users\oqlei\.m2\repository\org\springframework\boot\spring-boot-starter-tomcat\2.2.7.RELEASE\spring-boot-starter-tomcat-2.2.7.RELEASE.jar;C:\Users\oqlei\.m2\repository\org\apache\tomcat\embed\tomcat-embed-core\9.0.34\tomcat-embed-core-9.0.34.jar;C:\Users\oqlei\.m2\repository\org\apache\tomcat\embed\tomcat-embed-el\9.0.34
Launcher Type: SUN_STANDARD

[Global flags]
     bool BytecodeVerificationLocal                = false                                     {product} {command line}
     bool BytecodeVerificationRemote               = false                                     {product} {command line}
     intx CICompilerCount                          = 3                                         {product} {ergonomic}
     uint ConcGCThreads                            = 1                                         {product} {ergonomic}
     uint G1ConcRefinementThreads                  = 4                                         {product} {ergonomic}
   size_t G1HeapRegionSize                         = 1048576                                   {product} {ergonomic}
    uintx GCDrainStackTargetSize                   = 64                                        {product} {ergonomic}
   size_t InitialHeapSize                          = 165675008                                 {product} {ergonomic}
     bool ManagementServer                         = true                                      {product} {command line}
   size_t MarkStackSize                            = 4194304                                   {product} {ergonomic}
   size_t MaxHeapSize                              = 2631925760                                {product} {ergonomic}
   size_t MaxNewSize                               = 1579155456                                {product} {ergonomic}
   size_t MinHeapDeltaBytes                        = 1048576                                   {product} {ergonomic}
    uintx NonNMethodCodeHeapSize                   = 6973028                                {pd product} {ergonomic}
    uintx NonProfiledCodeHeapSize                  = 244685212                              {pd product} {ergonomic}
    uintx ProfiledCodeHeapSize                     = 0                                      {pd product} {ergonomic}
    uintx ReservedCodeCacheSize                    = 251658240                              {pd product} {ergonomic}
     bool SegmentedCodeCache                       = true                                      {product} {ergonomic}
     intx TieredStopAtLevel                        = 1                                         {product} {command line}
     bool UseCompressedClassPointers               = true                                 {lp64_product} {ergonomic}
     bool UseCompressedOops                        = true                                 {lp64_product} {ergonomic}
     bool UseG1GC                                  = true                                      {product} {ergonomic}
     bool UseLargePagesIndividualAllocation        = false                                  {pd product} {ergonomic}

Logging:
Log output configuration:
 #0: stdout all=warning uptime,level,tags
 #1: stderr all=off uptime,level,tags

Environment Variables:
JAVA_HOME=C:\Program Files\Java\jdk-11.0.7
PATH=C:/Program Files/Java/jdk-11.0.7/bin/server;C:/Program Files/Java/jdk-11.0.7/bin;C:\WINDOWS\system32;C:\WINDOWS;C:\WINDOWS\System32\Wbem;C:\WINDOWS\System32\WindowsPowerShell\v1.0\;C:\Program Files\Java\jdk-11.0.7\bin;C:\WINDOWS\System32\OpenSSH\;C:\Program Files\Git\cmd;C:\Program Files\Java\jdk-11.0.7\bin;C:\xampp2\mysql\bin;C:\Users\oqlei\AppData\Local\Microsoft\WindowsApps;C:\Program Files\heroku\bin;C:\Users\oqlei\Downloads\sts-4.6.1.RELEASE;
USERNAME=oqlei
OS=Windows_NT
PROCESSOR_IDENTIFIER=Intel64 Family 6 Model 58 Stepping 9, GenuineIntel



---------------  S Y S T E M  ---------------

OS: Windows 10 , 64 bit Build 19041 (10.0.19041.546)

CPU:total 4 (initial active 4) (2 cores per cpu, 2 threads per core) family 6 model 58 stepping 9, cmov, cx8, fxsr, mmx, sse, sse2, sse3, ssse3, sse4.1, sse4.2, popcnt, avx, clmul, erms, ht, tsc, tscinvbit, tscinv

Memory: 4k page, system-wide physical 10035M (6051M free)
TotalPageFile size 11571M (AvailPageFile size 6965M)
current process WorkingSet (physical memory assigned to process): 83M, peak: 83M
current process commit charge ("private bytes"): 250M, peak: 250M

vm_info: Java HotSpot(TM) 64-Bit Server VM (11.0.7+8-LTS) for windows-amd64 JRE (11.0.7+8-LTS), built on Mar 12 2020 02:04:32 by "mach5one" with MS VC++ 15.5 (VS2017)

END.
